2024-07-02 12:04:23,580 | INFO | 6 | BNB | Success
2024-07-02 12:04:33,002 | INFO | 2 | ETH | Success
2024-07-02 12:04:41,750 | INFO | 7 | USDT | Success
2024-07-02 12:04:50,948 | INFO | 8 | EOS | Success
2024-07-02 12:05:00,459 | INFO | 9 | BSV | Success
2024-07-02 12:05:10,907 | INFO | 10 | XLM | Success
2024-07-02 12:05:20,123 | INFO | 12 | TRX | Success
2024-07-02 12:05:29,165 | INFO | 13 | XMR | Success
2024-07-02 12:05:37,969 | INFO | 14 | LEO | Success
2024-07-02 12:05:48,233 | INFO | 15 | DASH | Success
2024-07-02 12:05:57,810 | INFO | 16 | NEO | Success
2024-07-02 12:06:06,513 | INFO | 17 | IOTA | Success
2024-07-02 12:06:16,064 | INFO | 19 | ATOM | Success
2024-07-02 12:06:25,996 | INFO | 20 | XTZ | Success
2024-07-02 12:06:36,460 | INFO | 21 | ETC | Success
2024-07-02 12:06:45,496 | INFO | 22 | XEM | Success
2024-07-02 12:06:55,796 | INFO | 23 | MKR | Success
2024-07-02 12:07:05,373 | INFO | 24 | ONT | Success
2024-07-02 12:07:14,671 | INFO | 25 | CRO | Success
2024-07-02 12:07:21,813 | INFO | 27 | VSYS | Success
2024-07-02 12:07:30,816 | INFO | 28 | USDC | Success
2024-07-02 12:07:40,296 | INFO | 29 | DOGE | Success
2024-07-02 12:07:50,215 | INFO | 30 | BTG | Success
2024-07-02 12:08:00,329 | INFO | 32 | VET | Success
2024-07-02 12:08:10,572 | INFO | 34 | QTUM | Success
2024-07-02 12:08:20,405 | INFO | 35 | DCR | Success
2024-07-02 12:08:30,828 | INFO | 36 | HT | Success
2024-07-02 12:08:38,370 | INFO | 37 | HEDG | Success
2024-07-02 12:08:49,133 | INFO | 38 | OMG | Success
2024-07-02 12:09:00,352 | INFO | 39 | TUSD | Success
2024-07-02 12:09:25,059 | INFO | 41 | RVN | Success
2024-07-02 12:09:36,574 | INFO | 42 | XNO | Success
2024-07-02 12:09:47,073 | INFO | 44 | BTT | Success
2024-07-02 12:09:56,256 | INFO | 45 | BCD | Success
2024-07-02 12:10:05,888 | INFO | 46 | HOT | Success
2024-07-02 12:10:16,383 | INFO | 47 | KCS | Success
2024-07-02 12:10:25,909 | INFO | 48 | WAVES | Success
2024-07-02 12:10:35,985 | INFO | 50 | NPXS | Success
2024-07-02 12:10:46,285 | INFO | 52 | ICX | Success
2024-07-02 12:10:56,219 | INFO | 53 | DGB | Success
2024-07-02 12:11:06,603 | INFO | 54 | MONA | Success
2024-07-02 12:11:16,760 | INFO | 55 | KMD | Success
2024-07-02 12:11:25,162 | INFO | 56 | HC | Success
2024-07-02 12:11:33,928 | INFO | 58 | AOA | Success
2024-07-02 12:11:45,450 | INFO | 59 | IOST | Success
2024-07-02 12:11:56,271 | INFO | 60 | BCN | Success
2024-07-02 12:12:05,661 | INFO | 61 | BTM | Success
2024-07-02 12:12:14,461 | INFO | 62 | LAMB | Success
2024-07-02 12:12:24,560 | INFO | 63 | SC | Success
2024-07-02 12:12:32,837 | INFO | 67 | NEX | Success
2024-07-02 12:12:41,829 | INFO | 68 | XIN | Success
2024-07-02 12:12:51,404 | INFO | 69 | NRG | Success
2024-07-02 12:13:02,161 | INFO | 70 | QNT | Success
2024-07-02 12:13:12,539 | INFO | 71 | ZIL | Success
2024-07-02 12:13:22,848 | INFO | 72 | XVG | Success
2024-07-02 12:13:32,035 | INFO | 73 | GXC | Success
2024-07-02 12:13:41,294 | INFO | 74 | AE | Success
2024-07-02 12:13:51,699 | INFO | 76 | REN | Success
2024-07-02 12:14:01,731 | INFO | 77 | STEEM | Success
2024-07-02 12:14:10,539 | INFO | 78 | DAI | Success
2024-07-02 12:14:20,011 | INFO | 79 | ABBC | Success
2024-07-02 12:14:28,190 | INFO | 82 | SNT | Success
2024-07-02 12:14:37,997 | INFO | 84 | ARDR | Success
2024-07-02 12:14:47,816 | INFO | 85 | ENJ | Success
2024-07-02 12:14:56,413 | INFO | 86 | GLM | Success
2024-07-02 12:15:05,583 | INFO | 88 | MAID | Success
2024-07-02 12:15:12,104 | INFO | 87 | VEST | Success
2024-07-02 12:15:21,844 | INFO | 89 | ELF | Success
2024-07-02 12:15:31,318 | INFO | 90 | NEXO | Success
2024-07-02 12:15:40,139 | INFO | 92 | UUU | Success
2024-07-02 12:15:49,363 | INFO | 97 | ETP | Success
2024-07-02 12:15:57,571 | INFO | 98 | XMX | Success
2024-07-02 12:16:07,244 | INFO | 100 | STRAX | Success
2024-07-02 12:16:16,944 | INFO | 103 | ZEN | Success
2024-07-02 12:16:26,485 | INFO | 104 | FSN | Success
2024-07-02 12:16:34,755 | INFO | 106 | FX | Success
2024-07-02 12:16:43,893 | INFO | 107 | ETN2 | Success
2024-07-02 12:16:52,989 | INFO | 108 | PPT | Success
2024-07-02 12:16:59,820 | INFO | 109 | NAS | Success
2024-07-02 12:17:09,074 | INFO | 111 | DENT | Success
2024-07-02 12:17:18,662 | INFO | 112 | ELA | Success
2024-07-02 12:17:26,084 | INFO | 113 | ECOREAL | Success
2024-07-02 12:17:35,677 | INFO | 114 | MANA | Success
2024-07-02 12:17:44,690 | INFO | 115 | QASH | Success
2024-07-02 12:17:54,091 | INFO | 116 | LRC | Success
2024-07-02 12:18:03,943 | INFO | 117 | FTM | Success
2024-07-02 12:18:13,316 | INFO | 119 | ARK | Success
2024-07-02 12:18:20,248 | INFO | 120 | ODE | Success
2024-07-02 12:18:28,947 | INFO | 121 | AION | Success
2024-07-02 12:18:38,594 | INFO | 125 | NULS | Success
2024-07-02 12:18:46,360 | INFO | 126 | DGD | Success
2024-07-02 12:18:56,723 | INFO | 3 | XRP | Success
2024-07-02 12:19:05,798 | INFO | 5 | BCH | Success
2024-07-02 12:19:14,342 | INFO | 131 | KNC | Success
2024-07-02 12:19:22,589 | INFO | 132 | ENG | Success
2024-07-02 12:19:31,700 | INFO | 133 | IGNIS | Success
2024-07-02 12:19:40,799 | INFO | 137 | LOOM | Success
2024-07-02 12:19:49,262 | INFO | 138 | TRUE | Success
2024-07-02 12:19:59,231 | INFO | 140 | SNX | Success
2024-07-02 12:20:08,603 | INFO | 142 | POWR | Success
2024-07-02 12:20:17,605 | INFO | 143 | BNT | Success
2024-07-02 12:20:26,895 | INFO | 144 | QKC | Success
2024-07-02 12:20:36,169 | INFO | 145 | WAN | Success
2024-07-02 12:20:44,873 | INFO | 147 | BIX | Success
2024-07-02 12:20:55,023 | INFO | 148 | CELR | Success
2024-07-02 12:21:04,928 | INFO | 149 | BEAM | Success
2024-07-02 12:21:14,219 | INFO | 150 | PIVX | Success
2024-07-02 12:21:22,265 | INFO | 151 | NEW | Success
2024-07-02 12:21:31,544 | INFO | 152 | ONE | Success
2024-07-02 12:21:39,677 | INFO | 156 | APL | Success
2024-07-02 12:21:49,579 | INFO | 157 | CRPT | Success
2024-07-02 12:21:57,603 | INFO | 158 | C20 | Success
2024-07-02 12:22:06,839 | INFO | 159 | MATIC | Success
2024-07-02 12:22:16,103 | INFO | 160 | ANT | Success
2024-07-02 12:22:25,760 | INFO | 161 | IOTX | Success
2024-07-02 12:22:34,419 | INFO | 165 | POLY | Success
2024-07-02 12:22:44,407 | INFO | 166 | TEL | Success
2024-07-02 12:22:53,694 | INFO | 169 | FET | Success
2024-07-02 12:23:02,530 | INFO | 170 | BRD | Success
2024-07-02 12:23:11,263 | INFO | 172 | PLC | Success
2024-07-02 12:23:20,904 | INFO | 176 | RLC | Success
2024-07-02 12:23:30,348 | INFO | 177 | GRS | Success
2024-07-02 12:23:39,597 | INFO | 199 | MITH | Success
2024-07-02 12:23:49,507 | INFO | 179 | TT | Success
2024-07-02 12:23:59,875 | INFO | 181 | GAS | Success
2024-07-02 12:24:09,804 | INFO | 182 | SYS | Success
2024-07-02 12:24:17,716 | INFO | 183 | NXT | Success
2024-07-02 12:24:27,276 | INFO | 185 | DRGN | Success
2024-07-02 12:24:37,235 | INFO | 188 | CTXC | Success
2024-07-02 12:24:46,993 | INFO | 189 | BFT | Success
2024-07-02 12:25:36,005 | INFO | 190 | FUN | Success
2024-07-02 12:25:44,877 | INFO | 191 | BOTX | Success
2024-07-02 12:26:28,277 | INFO | 192 | SKY | Success
2024-07-02 12:26:37,690 | INFO | 194 | CVC | Success
2024-07-02 12:26:45,648 | INFO | 196 | UGAS | Success
2024-07-02 12:26:55,155 | INFO | 197 | GNO | Success
2024-07-02 12:27:03,524 | INFO | 203 | VTC | Success
2024-07-02 12:27:12,216 | INFO | 205 | MTL | Success
2024-07-02 12:27:21,617 | INFO | 206 | CSC | Success
2024-07-02 12:27:28,759 | INFO | 208 | TRXC | Success
2024-07-02 12:27:37,245 | INFO | 210 | PAY | Success
2024-07-02 12:27:50,343 | INFO | 211 | HPB | Success
2024-07-02 12:28:00,175 | INFO | 215 | ANKR | Success
2024-07-02 12:28:09,054 | INFO | 217 | RUFF | Success
2024-07-02 12:28:19,261 | INFO | 220 | UTK | Success
2024-07-02 12:28:28,531 | INFO | 223 | LTO | Success
2024-07-02 12:28:37,266 | INFO | 224 | PART | Success
2024-07-02 12:28:47,195 | INFO | 226 | NKN | Success
2024-07-02 12:28:56,401 | INFO | 229 | MFT | Success
2024-07-02 12:29:04,233 | INFO | 230 | TKN | Success
2024-07-02 12:29:13,085 | INFO | 234 | CND | Success
2024-07-02 12:29:20,034 | INFO | 236 | WIX | Success
2024-07-02 12:29:30,093 | INFO | 237 | GTO | Success
2024-07-02 12:29:38,550 | INFO | 238 | ILC | Success
2024-07-02 12:29:46,499 | INFO | 242 | LBA | Success
2024-07-02 12:29:57,567 | INFO | 253 | AERGO | Success
2024-07-02 12:30:06,137 | INFO | 254 | DX | Success
2024-07-02 12:30:14,651 | INFO | 256 | OCN | Success
2024-07-02 12:30:23,479 | INFO | 257 | ACT | Success
2024-07-02 12:30:32,545 | INFO | 260 | IDEX | Success
2024-07-02 12:30:42,405 | INFO | 261 | NEBL | Success
2024-07-02 12:30:50,836 | INFO | 263 | EVX | Success
2024-07-02 12:31:00,085 | INFO | 265 | KIN | Success
2024-07-02 12:31:08,498 | INFO | 266 | SALT | Success
2024-07-02 12:31:17,969 | INFO | 268 | VGX | Success
2024-07-02 12:31:27,101 | INFO | 270 | DCN | Success
2024-07-02 12:31:38,766 | INFO | 271 | BTR | Success
2024-07-02 12:31:48,552 | INFO | 274 | VITE | Success
2024-07-02 12:32:10,742 | INFO | 275 | WGR | Success
2024-07-02 12:32:21,259 | INFO | 277 | DUSK | Success
2024-07-02 12:32:30,345 | INFO | 278 | CAJ | Success
2024-07-02 12:32:41,955 | INFO | 279 | RSR | Success
2024-07-02 12:32:52,535 | INFO | 280 | PLR | Success
2024-07-02 12:33:00,251 | INFO | 282 | XPX | Success
2024-07-02 12:33:11,000 | INFO | 283 | BLOCK | Success
2024-07-02 12:33:25,106 | INFO | 286 | PPC | Success
2024-07-02 12:33:37,184 | INFO | 291 | PMA | Success
2024-07-02 12:33:52,188 | INFO | 292 | ARRR | Success
2024-07-02 12:34:02,793 | INFO | 293 | PZM | Success
2024-07-02 12:34:13,094 | INFO | 128 | LA | Success
2024-07-02 12:34:24,016 | INFO | 201 | ROX | Success
2024-07-02 12:35:25,198 | ERROR | 202 | KAN | Error 504: Gateway Timeout. Server not responding.
2024-07-02 12:36:03,433 | INFO | 202 | KAN | Success
2024-07-02 12:36:44,818 | INFO | 235 | CLAM | Success
2024-07-02 12:36:53,421 | INFO | 130 | EURS | Success
2024-07-02 12:37:02,943 | INFO | 297 | TERA | Success
2024-07-02 12:37:12,895 | INFO | 298 | FLUX | Success
2024-07-02 12:37:26,346 | INFO | 299 | ADX | Success
2024-07-02 12:37:42,506 | INFO | 301 | OTO | Success
2024-07-02 12:37:56,059 | INFO | 305 | REQ | Success
2024-07-02 12:38:07,017 | INFO | 306 | RCN | Success
2024-07-02 12:38:19,164 | INFO | 307 | GO | Success
2024-07-02 12:38:30,179 | INFO | 311 | MOC | Success
2024-07-02 12:38:40,618 | INFO | 313 | OST | Success
2024-07-02 12:38:51,706 | INFO | 319 | DBC | Success
2024-07-02 12:38:59,455 | INFO | 322 | NMC | Success
2024-07-02 12:39:09,181 | INFO | 324 | NAV | Success
2024-07-02 12:39:18,290 | INFO | 328 | SMT | Success
2024-07-02 12:39:27,834 | INFO | 330 | BLZ | Success
2024-07-02 12:39:38,257 | INFO | 332 | XBY | Success
2024-07-02 12:39:49,854 | INFO | 333 | OXEN | Success
2024-07-02 12:39:58,859 | INFO | 335 | XWC | Success
2024-07-02 12:40:09,143 | INFO | 338 | CS | Success
2024-07-02 12:40:20,436 | INFO | 342 | MBL | Success
2024-07-02 12:40:29,958 | INFO | 344 | SMART | Success
2024-07-02 12:40:39,061 | INFO | 345 | MET | Success
2024-07-02 12:40:50,653 | INFO | 348 | DERO | Success
2024-07-02 12:41:03,204 | INFO | 350 | PRO | Success
2024-07-02 12:42:04,509 | ERROR | 353 | KCASH | Error 504: Gateway Timeout. Server not responding.
2024-07-02 12:42:34,195 | INFO | 353 | KCASH | Success
2024-07-02 12:42:53,968 | INFO | 354 | VIA | Success
2024-07-02 12:43:07,789 | INFO | 356 | EDG | Success
2024-07-02 12:43:24,125 | INFO | 359 | DMT | Success
2024-07-02 12:43:34,702 | INFO | 362 | OAX | Success
2024-07-02 12:43:42,615 | INFO | 365 | AT | Success
2024-07-02 12:43:52,456 | INFO | 366 | GUSD | Success
2024-07-02 12:44:02,384 | INFO | 368 | DDD | Success
2024-07-02 12:44:11,934 | INFO | 369 | VEE | Success
2024-07-02 12:44:20,834 | INFO | 370 | SENT | Success
2024-07-02 12:44:32,549 | INFO | 372 | MNW | Success
2024-07-02 12:44:41,138 | INFO | 373 | XAS | Success
2024-07-02 12:44:50,241 | INFO | 374 | MED | Success
2024-07-02 12:44:59,279 | INFO | 376 | RFR | Success
2024-07-02 12:45:12,811 | INFO | 377 | GNX | Success
2024-07-02 12:45:21,807 | INFO | 378 | GTC2 | Success
2024-07-02 12:45:32,702 | INFO | 381 | S4F | Success
2024-07-02 12:45:42,396 | INFO | 382 | MRX | Success
2024-07-02 12:45:51,579 | INFO | 384 | TEN | Success
2024-07-02 12:46:02,215 | INFO | 386 | MDS | Success
2024-07-02 12:46:12,453 | INFO | 387 | LCC | Success
2024-07-02 12:46:21,452 | INFO | 388 | SNGLS | Success
2024-07-02 12:46:32,813 | INFO | 389 | MTV | Success
2024-07-02 12:46:43,985 | INFO | 390 | LYM | Success
2024-07-02 12:46:54,566 | INFO | 392 | BTX | Success
2024-07-02 12:47:04,073 | INFO | 395 | PST | Success
2024-07-02 12:47:13,889 | INFO | 396 | MLN | Success
2024-07-02 12:47:23,222 | INFO | 397 | AST | Success
2024-07-02 12:47:32,843 | INFO | 401 | KEY | Success
2024-07-02 12:48:18,799 | INFO | 402 | NIX | Success
2024-07-02 12:48:29,609 | INFO | 404 | DNT | Success
2024-07-02 12:48:37,936 | INFO | 406 | VIBE | Success
2024-07-02 12:48:46,895 | INFO | 408 | NPX | Success
2024-07-02 12:48:56,802 | INFO | 409 | VIDT | Success
2024-07-02 12:49:05,784 | INFO | 410 | AOG | Success
2024-07-02 12:49:16,465 | INFO | 411 | XYO | Success
2024-07-02 12:49:25,660 | INFO | 418 | IHT | Success
2024-07-02 12:49:36,271 | INFO | 420 | CPC | Success
2024-07-02 12:49:45,953 | INFO | 421 | VEIL | Success
2024-07-02 12:49:55,338 | INFO | 423 | DLT | Success
2024-07-02 12:50:05,106 | INFO | 424 | VEX | Success
2024-07-02 12:50:16,796 | INFO | 431 | TRAC | Success
2024-07-02 12:50:25,846 | INFO | 434 | LEND | Success
2024-07-02 12:50:36,041 | INFO | 436 | DIVI | Success
2024-07-02 12:50:44,102 | INFO | 440 | KPL | Success
2024-07-02 12:50:52,935 | INFO | 442 | N8V | Success
2024-07-02 12:51:05,497 | INFO | 443 | APPC | Success
2024-07-02 12:51:17,136 | INFO | 444 | OCEAN | Success
2024-07-02 12:51:30,310 | INFO | 448 | STPT | Success
2024-07-02 12:51:40,685 | INFO | 451 | MXC | Success
2024-07-02 12:51:50,343 | INFO | 452 | SKM | Success
2024-07-02 12:52:00,695 | INFO | 454 | PI | Success
2024-07-02 12:52:38,274 | INFO | 456 | SSP | Success
2024-07-02 12:52:46,463 | INFO | 457 | EOSDAC | Success
2024-07-02 12:53:14,524 | INFO | 461 | MVL | Success
2024-07-02 12:53:24,920 | INFO | 464 | SNM | Success
2024-07-02 12:53:34,343 | INFO | 465 | GSC | Success
2024-07-02 12:53:44,842 | INFO | 466 | COTI | Success
2024-07-02 12:53:53,985 | INFO | 469 | LBC | Success
2024-07-02 12:54:02,058 | INFO | 473 | AMO | Success
2024-07-02 12:54:09,236 | INFO | 476 | PLBT | Success
2024-07-02 12:54:21,816 | INFO | 477 | LIT | Success
2024-07-02 12:54:34,259 | INFO | 478 | GAME | Success
2024-07-02 12:54:42,600 | INFO | 480 | MOBI | Success
2024-07-02 12:54:52,905 | INFO | 310 | DATA | Success
2024-07-02 12:55:02,409 | INFO | 429 | VIB | Success
2024-07-02 12:55:10,728 | INFO | 296 | POE | Success
2024-07-02 12:55:17,718 | INFO | 484 | WPR | Success
2024-07-02 12:55:26,343 | INFO | 487 | ABYSS | Success
2024-07-02 12:55:35,792 | INFO | 492 | TRTL | Success
2024-07-02 12:55:43,208 | INFO | 501 | UTT | Success
2024-07-02 12:55:50,285 | INFO | 504 | SINS | Success
2024-07-02 12:55:58,238 | INFO | 505 | SCC | Success
2024-07-02 12:56:08,374 | INFO | 507 | EMC | Success
2024-07-02 12:56:30,233 | INFO | 508 | ZCL | Success
2024-07-02 12:56:39,569 | INFO | 514 | SUB | Success
2024-07-02 12:56:49,784 | INFO | 515 | ADS2 | Success
2024-07-02 12:56:59,346 | INFO | 517 | FTC | Success
2024-07-02 12:57:12,996 | INFO | 520 | TUBE | Success
2024-07-02 12:57:22,390 | INFO | 521 | FUEL | Success
2024-07-02 12:57:32,335 | INFO | 522 | NIM | Success
2024-07-02 12:57:41,300 | INFO | 523 | ABL | Success
2024-07-02 12:57:50,405 | INFO | 526 | FTI | Success
2024-07-02 12:57:59,289 | INFO | 528 | ZPT | Success
2024-07-02 12:58:08,910 | INFO | 531 | XPM | Success
2024-07-02 12:58:18,362 | INFO | 533 | LUN | Success
2024-07-02 12:58:27,027 | INFO | 535 | NEU | Success
2024-07-02 12:58:35,613 | INFO | 536 | BLK | Success
2024-07-02 12:58:44,351 | INFO | 537 | XCP | Success
2024-07-02 12:58:52,783 | INFO | 545 | VEO | Success
2024-07-02 12:59:02,142 | INFO | 546 | ZCN | Success
2024-07-02 12:59:11,616 | INFO | 550 | BOLT | Success
2024-07-02 12:59:20,572 | INFO | 551 | SNC | Success
2024-07-02 12:59:29,655 | INFO | 552 | CHSB | Success
2024-07-02 12:59:38,962 | INFO | 553 | CLO | Success
2024-07-02 12:59:48,774 | INFO | 554 | POLIS | Success
2024-07-02 13:00:01,148 | INFO | 559 | PAC | Success
2024-07-02 13:00:11,124 | INFO | 560 | PHR | Success
2024-07-02 13:00:19,882 | INFO | 561 | REM | Success
2024-07-02 13:00:27,205 | INFO | 564 | RBY | Success
2024-07-02 13:00:36,387 | INFO | 568 | CAS | Success
2024-07-02 13:00:45,030 | INFO | 569 | BEET | Success
2024-07-02 13:00:54,086 | INFO | 570 | BAAS | Success
2024-07-02 13:01:03,155 | INFO | 571 | INK | Success
2024-07-02 13:01:11,925 | INFO | 578 | NSD | Success
2024-07-02 13:01:20,564 | INFO | 582 | WINGS | Success
2024-07-02 13:01:30,396 | INFO | 583 | BAX | Success
2024-07-02 13:01:39,806 | INFO | 592 | KAT | Success
2024-07-02 13:01:47,890 | INFO | 598 | QCH | Success
2024-07-02 13:01:56,960 | INFO | 604 | IMT | Success
2024-07-02 13:02:05,977 | INFO | 606 | XAUR | Success
2024-07-02 13:02:13,692 | INFO | 607 | COB | Success
2024-07-02 13:02:22,851 | INFO | 613 | HTML | Success
2024-07-02 13:02:30,666 | INFO | 614 | RTH | Success
2024-07-02 13:02:39,697 | INFO | 619 | SKB | Success
2024-07-02 13:02:49,899 | INFO | 625 | DPY | Success
2024-07-02 13:03:06,591 | INFO | 628 | RPD | Success
2024-07-02 13:03:15,492 | INFO | 631 | KICK | Success
2024-07-02 13:03:24,094 | INFO | 632 | NGC | Success
2024-07-02 13:03:32,121 | INFO | 634 | PXG | Success
2024-07-02 13:03:42,789 | INFO | 637 | NCT | Success
2024-07-02 13:03:51,521 | INFO | 640 | AVINOC | Success
2024-07-02 13:04:17,360 | INFO | 647 | NANJ | Success
2024-07-02 13:04:25,960 | INFO | 649 | THC7 | Success
2024-07-02 13:04:35,769 | INFO | 651 | SPC | Success
2024-07-02 13:05:11,140 | INFO | 655 | CEEK | Success
2024-07-02 13:05:30,722 | INFO | 660 | DMD | Success
2024-07-02 13:05:40,432 | INFO | 662 | ZCO | Success
2024-07-02 13:05:57,283 | INFO | 665 | NTK | Success
2024-07-02 13:06:11,989 | INFO | 672 | VAL | Success
2024-07-02 13:06:21,853 | INFO | 674 | NOKU | Success
2024-07-02 13:06:31,306 | INFO | 675 | CRW | Success
2024-07-02 13:06:41,753 | INFO | 681 | FTT | Success
2024-07-02 13:06:50,032 | INFO | 682 | FDZ | Success
2024-07-02 13:07:01,069 | INFO | 683 | UBT | Success
2024-07-02 13:07:10,171 | INFO | 687 | AXPR | Success
2024-07-02 13:07:20,780 | INFO | 688 | CXO | Success
2024-07-02 13:07:30,734 | INFO | 689 | SWTH | Success
2024-07-02 13:07:38,080 | INFO | 691 | EDRC | Success
2024-07-02 13:07:47,155 | INFO | 692 | UT | Success
2024-07-02 13:07:56,242 | INFO | 695 | ORME | Success
2024-07-02 13:08:06,361 | INFO | 700 | XHV | Success
2024-07-02 13:08:16,501 | INFO | 701 | SIX | Success
2024-07-02 13:08:25,890 | INFO | 702 | HMQ | Success
2024-07-02 13:08:34,478 | INFO | 707 | MIB | Success
2024-07-02 13:08:43,528 | INFO | 710 | DAX | Success
2024-07-02 13:08:52,172 | INFO | 714 | ZSC | Success
2024-07-02 13:09:01,768 | INFO | 720 | ZAP | Success
2024-07-02 13:09:10,314 | INFO | 723 | NOTE | Success
2024-07-02 13:09:19,011 | INFO | 725 | BMX | Success
2024-07-02 13:09:27,223 | INFO | 727 | EXRN | Success
2024-07-02 13:09:36,577 | INFO | 729 | CARD | Success
2024-07-02 13:09:44,706 | INFO | 731 | DOV | Success
2024-07-02 13:09:51,755 | INFO | 732 | UBEX | Success
2024-07-02 13:10:00,318 | INFO | 734 | UFR | Success
2024-07-02 13:10:09,682 | INFO | 736 | XFC | Success
2024-07-02 13:10:18,449 | INFO | 1072 | ADI | Success
2024-07-02 13:10:28,046 | INFO | 483 | BOMB | Success
2024-07-02 13:10:36,397 | INFO | 751 | HSC | Success
2024-07-02 13:10:44,008 | INFO | 752 | SNET | Success
2024-07-02 13:10:52,893 | INFO | 753 | FTX | Success
2024-07-02 13:11:01,776 | INFO | 760 | EKO | Success
2024-07-02 13:11:07,739 | INFO | 761 | SLR-1 | Success
2024-07-02 13:11:17,102 | INFO | 762 | GEM | Success
2024-07-02 13:11:24,389 | INFO | 764 | FOXT | Success
2024-07-02 13:11:34,669 | INFO | 769 | BIR | Success
2024-07-02 13:11:41,861 | INFO | 777 | DRT | Success
2024-07-02 13:11:50,920 | INFO | 778 | FLIXX | Success
2024-07-02 13:12:00,353 | INFO | 780 | PNK | Success
2024-07-02 13:12:08,942 | INFO | 791 | PTOY | Success
2024-07-02 13:12:17,686 | INFO | 793 | OK | Success
2024-07-02 13:12:25,734 | INFO | 796 | IDH | Success
2024-07-02 13:12:36,320 | INFO | 801 | OLT | Success
2024-07-02 13:12:44,583 | INFO | 802 | EFX | Success
2024-07-02 13:12:53,514 | INFO | 807 | SWT | Success
2024-07-02 13:13:03,542 | INFO | 808 | NVC | Success
2024-07-02 13:13:12,187 | INFO | 809 | PRIX | Success
2024-07-02 13:13:21,359 | INFO | 810 | SIB | Success
2024-07-02 13:13:28,945 | INFO | 811 | PAYX | Success
2024-07-02 13:13:37,961 | INFO | 813 | IPL | Success
2024-07-02 13:13:47,532 | INFO | 825 | CAPP | Success
2024-07-02 13:13:54,727 | INFO | 826 | UCASH | Success
2024-07-02 13:14:03,855 | INFO | 828 | QBT | Success
2024-07-02 13:14:13,007 | INFO | 829 | FLP | Success
2024-07-02 13:14:22,823 | INFO | 830 | STX | Success
2024-07-02 13:14:31,398 | INFO | 832 | SENC | Success
2024-07-02 13:14:37,594 | INFO | 834 | ABY | Success
2024-07-02 13:14:48,380 | INFO | 835 | LIKE | Success
2024-07-02 13:14:58,537 | INFO | 853 | RED | Success
2024-07-02 13:15:07,726 | INFO | 855 | TDP | Success
2024-07-02 13:15:16,410 | INFO | 859 | ABX | Success
2024-07-02 13:15:25,434 | INFO | 860 | DOPE | Success
2024-07-02 13:15:35,822 | INFO | 862 | NIOX | Success
2024-07-02 13:15:43,265 | INFO | 863 | WAB | Success
2024-07-02 13:15:52,439 | INFO | 878 | BNTY | Success
2024-07-02 13:16:00,593 | INFO | 880 | RATING | Success
2024-07-02 13:16:09,932 | INFO | 882 | XPC | Success
2024-07-02 13:16:17,576 | INFO | 888 | VRM | Success
2024-07-02 13:16:26,762 | INFO | 895 | COFI | Success
2024-07-02 13:16:36,740 | INFO | 896 | PLAY | Success
2024-07-02 13:16:46,313 | INFO | 898 | VULC | Success
2024-07-02 13:16:57,048 | INFO | 905 | INXT | Success
2024-07-02 13:17:06,336 | INFO | 906 | BERRY | Success
2024-07-02 13:17:16,263 | INFO | 908 | CHP | Success
2024-07-02 13:17:23,696 | INFO | 909 | SHND | Success
2024-07-02 13:17:32,990 | INFO | 910 | UQC | Success
2024-07-02 13:17:42,706 | INFO | 917 | SEND | Success
2024-07-02 13:17:50,200 | INFO | 918 | TX | Success
2024-07-02 13:17:58,497 | INFO | 921 | XBC | Success
2024-07-02 13:18:26,473 | INFO | 923 | XBI | Success
2024-07-02 13:18:34,928 | INFO | 924 | 0xBTC | Success
2024-07-02 13:18:42,450 | INFO | 929 | MYB | Success
2024-07-02 13:18:52,176 | INFO | 935 | UFO | Success
2024-07-02 13:19:02,750 | INFO | 937 | KRL | Success
2024-07-02 13:19:12,697 | INFO | 947 | ZER | Success
2024-07-02 13:19:21,674 | INFO | 954 | XCASH | Success
2024-07-02 13:19:28,823 | INFO | 959 | PENG | Success
2024-07-02 13:19:39,975 | INFO | 962 | EVC | Success
2024-07-02 13:19:49,818 | INFO | 966 | GIO | Success
2024-07-02 13:19:58,944 | INFO | 970 | PKT | Success
2024-07-02 13:20:08,293 | INFO | 972 | PLU | Success
2024-07-02 13:20:14,600 | INFO | 980 | AIT | Success
2024-07-02 13:20:23,971 | INFO | 985 | MODX | Success
2024-07-02 13:20:31,466 | INFO | 986 | BTNT | Success
2024-07-02 13:20:39,192 | INFO | 988 | ERC20 | Success
2024-07-02 13:20:47,411 | INFO | 997 | HB | Success
2024-07-02 13:20:56,610 | INFO | 999 | AUX | Success
2024-07-02 13:21:05,827 | INFO | 1004 | AUC | Success
2024-07-02 13:21:14,877 | INFO | 1006 | SKIN | Success
2024-07-02 13:21:23,625 | INFO | 1008 | XBP | Success
2024-07-02 13:21:31,566 | INFO | 1013 | BOB2 | Success
2024-07-02 13:21:40,229 | INFO | 1017 | STAR | Success
2024-07-02 13:21:48,261 | INFO | 1019 | MEDIC | Success
2024-07-02 13:21:58,014 | INFO | 1023 | SUMO | Success
2024-07-02 13:22:07,003 | INFO | 1028 | XAP | Success
2024-07-02 13:22:15,633 | INFO | 1029 | ZET | Success
2024-07-02 13:22:23,966 | INFO | 1031 | KLKS | Success
2024-07-02 13:22:31,428 | INFO | 1032 | BELA | Success
2024-07-02 13:22:41,066 | INFO | 1037 | ETHO | Success
2024-07-02 13:22:49,371 | INFO | 1038 | BON | Success
2024-07-02 13:22:57,666 | INFO | 1047 | XOV | Success
2024-07-02 13:23:06,837 | INFO | 1053 | NTRN | Success
2024-07-02 13:23:27,073 | INFO | 1057 | BOUTS | Success
2024-07-02 13:24:20,974 | INFO | 1060 | TBX | Success
2024-07-02 13:24:32,451 | INFO | 1064 | EGEM | Success
2024-07-02 13:24:44,577 | INFO | 1068 | JET | Success
2024-07-02 13:25:01,462 | INFO | 747 | GARD | Success
2024-07-02 13:25:22,658 | INFO | 1087 | DOGEC | Success
2024-07-02 13:25:32,917 | INFO | 1090 | AMN-1 | Success
2024-07-02 13:25:42,965 | INFO | 1103 | ZINC | Success
2024-07-02 13:25:50,699 | INFO | 1106 | DFT | Success
2024-07-02 13:26:02,163 | INFO | 1107 | TNS | Success
2024-07-02 13:26:10,291 | INFO | 1113 | AIX | Success
2024-07-02 13:26:20,177 | INFO | 1114 | AMM | Success
2024-07-02 13:26:30,098 | INFO | 1119 | EXO | Success
2024-07-02 13:26:37,102 | INFO | 1126 | ADZ | Success
2024-07-02 13:26:44,868 | INFO | 1127 | FTXT | Success
2024-07-02 13:26:54,471 | INFO | 1133 | UNIFY | Success
2024-07-02 13:27:06,202 | INFO | 1138 | CYL | Success
2024-07-02 13:27:15,206 | INFO | 1140 | MMO | Success
2024-07-02 13:27:24,789 | INFO | 1146 | HERB | Success
2024-07-02 13:27:38,881 | INFO | 1147 | PKG | Success
2024-07-02 13:27:50,163 | INFO | 1148 | TVNT | Success
2024-07-02 13:28:00,086 | INFO | 1152 | ELTCOIN | Success
2024-07-02 13:29:01,854 | INFO | 1153 | FBN | Success
2024-07-02 13:29:19,294 | INFO | 1156 | CYMT | Success
2024-07-02 13:29:33,228 | INFO | 1157 | MICRO | Success
2024-07-02 13:29:42,047 | INFO | 1161 | QUIN | Success
2024-07-02 13:30:43,623 | ERROR | 1167 | IG | Error 504: Gateway Timeout. Server not responding.
2024-07-02 13:31:09,347 | INFO | 1167 | IG | Success
2024-07-02 13:31:24,566 | INFO | 1168 | CATO | Success
2024-07-02 13:31:34,381 | INFO | 1171 | WTN | Success
2024-07-02 13:31:43,337 | INFO | 1172 | GOSS | Success
2024-07-02 13:31:54,341 | INFO | 1173 | PNY | Success
2024-07-02 13:32:04,770 | INFO | 1174 | TCH | Success
2024-07-02 13:32:12,810 | INFO | 1176 | VIKKY | Success
2024-07-02 13:32:21,669 | INFO | 1179 | NRP | Success
2024-07-02 13:32:30,873 | INFO | 1181 | HAVY | Success
2024-07-02 13:32:38,530 | INFO | 1190 | CTRT | Success
2024-07-02 13:32:46,414 | INFO | 1191 | JOINT | Success
2024-07-02 13:32:58,065 | INFO | 1194 | YLC | Success
2024-07-02 13:33:04,797 | INFO | 1195 | SOCC | Success
2024-07-02 13:33:12,954 | INFO | 1196 | AAA | Success
2024-07-02 13:33:22,387 | INFO | 1205 | COLX | Success
2024-07-02 13:33:31,081 | INFO | 1207 | BIS | Success
2024-07-02 13:33:41,307 | INFO | 1212 | CAG | Success
2024-07-02 13:33:50,815 | INFO | 1214 | PND | Success
2024-07-02 13:34:00,528 | INFO | 1216 | XPA | Success
2024-07-02 13:34:10,911 | INFO | 1227 | MYST | Success
2024-07-02 13:34:18,792 | INFO | 1235 | AMLT | Success
2024-07-02 13:34:27,381 | INFO | 1240 | MOTO | Success
2024-07-02 13:34:38,643 | INFO | 1245 | HVN | Success
2024-07-02 13:34:48,750 | INFO | 1250 | OMNI | Success
2024-07-02 13:34:57,828 | INFO | 1251 | HNT | Success
2024-07-02 13:35:20,051 | INFO | 1252 | SUSD | Success
2024-07-02 13:35:27,384 | INFO | 1254 | RVT | Success
2024-07-02 13:35:35,211 | INFO | 1259 | XPD | Success
2024-07-02 13:35:45,376 | INFO | 1264 | XHI | Success
2024-07-02 13:35:53,966 | INFO | 1266 | CPAY | Success
2024-07-02 13:36:02,959 | INFO | 1268 | ANC | Success
2024-07-02 13:36:12,683 | INFO | 1273 | SVD | Success
2024-07-02 13:36:20,430 | INFO | 1276 | TKS | Success
2024-07-02 13:36:50,416 | INFO | 1281 | ERO | Success
2024-07-02 13:37:10,287 | INFO | 1283 | QRK | Success
2024-07-02 13:37:22,282 | INFO | 1285 | MAX | Success
2024-07-02 13:37:29,705 | INFO | 1293 | 2GIVE | Success
2024-07-02 13:37:39,549 | INFO | 1308 | MANNA | Success
2024-07-02 13:37:48,267 | INFO | 1313 | TIPS | Success
2024-07-02 13:37:53,657 | INFO | 1314 | WLD | Success
2024-07-02 13:38:01,999 | INFO | 1316 | SETH | Success
2024-07-02 13:38:11,279 | INFO | 1317 | LDOGE | Success
2024-07-02 13:38:21,925 | INFO | 1319 | CARBON | Success
2024-07-02 13:38:32,490 | INFO | 1321 | AUR | Success
2024-07-02 13:38:42,279 | INFO | 1327 | BLU | Success
2024-07-02 13:38:50,864 | INFO | 1331 | LOG | Success
2024-07-02 13:39:00,278 | INFO | 1338 | IND | Success
2024-07-02 13:39:07,796 | INFO | 1339 | TZC | Success
2024-07-02 13:39:16,085 | INFO | 1344 | SHARD | Success
2024-07-02 13:39:27,003 | INFO | 1347 | PWR | Success
2024-07-02 13:39:39,011 | INFO | 1355 | BUZZ | Success
2024-07-02 13:39:47,115 | INFO | 1366 | XCN | Success
2024-07-02 13:39:49,412 | ERROR | 1367 | ZIPT | Unexpected Error: 502
2024-07-02 13:40:01,736 | INFO | 1367 | ZIPT | Success
2024-07-02 13:40:12,008 | INFO | 1374 | TROLL | Success
2024-07-02 13:40:17,617 | INFO | 1386 | BSTY | Success
2024-07-02 13:40:26,614 | INFO | 1388 | KOBO | Success
2024-07-02 13:40:38,122 | INFO | 1391 | FYP | Success
2024-07-02 13:40:47,455 | INFO | 1401 | ADC | Success
2024-07-02 13:40:57,695 | INFO | 1410 | BCDT | Success
2024-07-02 13:41:06,639 | INFO | 1422 | BTCS | Success
2024-07-02 13:41:18,050 | INFO | 1423 | IXC | Success
2024-07-02 13:41:27,922 | INFO | 1424 | LANA | Success
2024-07-02 13:41:37,464 | INFO | 1425 | SHPING | Success
2024-07-02 13:41:47,778 | INFO | 1433 | CTL | Success
2024-07-02 13:41:55,651 | INFO | 1434 | EL | Success
2024-07-02 13:42:05,615 | INFO | 1435 | ETHM | Success
2024-07-02 13:42:16,937 | INFO | 1436 | FOR | Success
2024-07-02 13:42:28,764 | INFO | 1439 | FRC | Success
2024-07-02 13:42:36,898 | INFO | 1084 | TELOS | Success
2024-07-02 13:42:49,098 | INFO | 1464 | PXC | Success
2024-07-02 13:42:57,651 | INFO | 1471 | DCY | Success
2024-07-02 13:43:07,027 | INFO | 1475 | DEM | Success
2024-07-02 13:43:14,775 | INFO | 1482 | GAP-1 | Success
2024-07-02 13:43:25,298 | INFO | 1487 | OPAL | Success
2024-07-02 13:43:37,474 | INFO | 1491 | XDNA | Success
2024-07-02 13:43:47,461 | INFO | 1494 | TAG | Success
2024-07-02 13:43:56,780 | INFO | 1501 | INN | Success
2024-07-02 13:44:05,484 | INFO | 1502 | CHESS | Success
2024-07-02 13:44:14,198 | INFO | 1505 | IC | Success
2024-07-02 13:44:21,929 | INFO | 1511 | KNDC | Success
2024-07-02 13:44:30,360 | INFO | 1522 | BTA | Success
2024-07-02 13:44:38,927 | INFO | 1524 | UIS | Success
2024-07-02 13:44:46,287 | INFO | 1542 | ARCT | Success
2024-07-02 13:44:56,108 | INFO | 1543 | COMP | Success
2024-07-02 13:45:03,619 | INFO | 1544 | BCF | Success
2024-07-02 13:45:11,709 | INFO | 1550 | SWING | Success
2024-07-02 13:45:20,157 | INFO | 1554 | BOLI | Success
2024-07-02 13:45:28,049 | INFO | 1582 | GB1 | Success
2024-07-02 13:45:53,835 | INFO | 1587 | AREPA | Success
2024-07-02 13:46:02,712 | INFO | 1591 | BTAD | Success
2024-07-02 13:46:19,206 | INFO | 1594 | CCO | Success
2024-07-02 13:46:26,844 | INFO | 1596 | STEEP | Success
2024-07-02 13:46:36,733 | INFO | 1613 | GRLC | Success
2024-07-02 13:46:44,374 | INFO | 1634 | C2 | Success
2024-07-02 13:46:52,790 | INFO | 1641 | BERN | Success
2024-07-02 13:47:02,194 | INFO | 1644 | SCRT | Success
2024-07-02 13:47:10,334 | INFO | 1648 | HTH | Success
2024-07-02 13:47:18,192 | INFO | 1651 | PAK | Success
2024-07-02 13:47:26,638 | INFO | 1663 | DRM | Success
2024-07-02 13:47:35,005 | INFO | 1670 | PRIV | Success
2024-07-02 13:47:42,592 | INFO | 1673 | GSR | Success
2024-07-02 13:47:51,050 | INFO | 1674 | DTC | Success
2024-07-02 13:47:59,608 | INFO | 1679 | YTN | Success
2024-07-02 13:48:07,377 | INFO | 1683 | AMS | Success
2024-07-02 13:48:14,883 | INFO | 1685 | XCO | Success
2024-07-02 13:48:20,902 | INFO | 1686 | SHVR | Success
2024-07-02 13:48:27,728 | INFO | 1691 | QBC | Success
2024-07-02 13:48:34,452 | INFO | 1692 | NEVA | Success
2024-07-02 13:48:42,083 | INFO | 1694 | MOJO-1 | Success
2024-07-02 13:48:50,280 | INFO | 1697 | SCS | Success
2024-07-02 13:48:58,774 | INFO | 1701 | POST | Success
2024-07-02 13:49:07,600 | INFO | 1712 | FLM | Success
2024-07-02 13:49:15,891 | INFO | 1725 | ACOIN | Success
2024-07-02 13:49:23,495 | INFO | 1730 | CF | Success
2024-07-02 13:49:32,074 | INFO | 1734 | MST | Success
2024-07-02 13:49:39,276 | INFO | 1742 | WHL | Success
2024-07-02 13:49:48,143 | INFO | 1748 | ECO | Success
2024-07-02 13:49:57,252 | INFO | 1752 | PONZI | Success
2024-07-02 13:50:03,796 | INFO | 1754 | COAL | Success
2024-07-02 13:50:11,184 | INFO | 1757 | ICON | Success
2024-07-02 13:50:18,732 | INFO | 1759 | IBANK | Success
2024-07-02 13:50:25,472 | INFO | 1766 | SONG-1 | Success
2024-07-02 13:50:32,277 | INFO | 1773 | PXI | Success
2024-07-02 13:50:40,166 | INFO | 1775 | VLT | Success
2024-07-02 13:50:48,728 | INFO | 1776 | APC | Success
2024-07-02 13:50:57,295 | INFO | 1780 | WBB | Success
2024-07-02 13:51:04,587 | INFO | 1781 | CREVA | Success
2024-07-02 13:51:12,141 | INFO | 1782 | VOLT | Success
2024-07-02 13:51:21,880 | INFO | 1790 | LUNC | Success
2024-07-02 13:51:29,368 | INFO | 1815 | RBTC | Success
2024-07-02 13:51:38,466 | INFO | 1818 | BTMX | Success
2024-07-02 13:51:46,970 | INFO | 1821 | WETH | Success
2024-07-02 13:51:55,344 | INFO | 1831 | ATP | Success
2024-07-02 13:52:03,293 | INFO | 1832 | HPT | Success
2024-07-02 13:52:11,237 | INFO | 1840 | KBC | Success
2024-07-02 13:52:20,602 | INFO | 1859 | UIP | Success
2024-07-02 13:52:30,591 | INFO | 1867 | VTHO | Success
2024-07-02 13:52:38,804 | INFO | 1868 | ADM | Success
2024-07-02 13:52:47,608 | INFO | 1870 | UBTC | Success
2024-07-02 13:52:54,857 | INFO | 1871 | OBSR | Success
2024-07-02 13:53:06,000 | INFO | 1876 | ADK | Success
2024-07-02 13:53:14,217 | INFO | 1883 | LEMO | Success
2024-07-02 13:53:24,023 | INFO | 1886 | CET | Success
2024-07-02 13:53:32,795 | INFO | 1908 | VDG | Success
2024-07-02 13:53:41,500 | INFO | 1912 | LPT | Success
2024-07-02 13:53:49,658 | INFO | 1914 | CENT2 | Success
2024-07-02 13:53:58,451 | INFO | 1926 | BCDN | Success
2024-07-02 13:54:05,099 | INFO | 1928 | KXC | Success
2024-07-02 13:54:13,267 | INFO | 1929 | XMC | Success
2024-07-02 13:54:22,115 | INFO | 1930 | CEL | Success
2024-07-02 13:54:40,777 | INFO | 1935 | OTB | Success
2024-07-02 13:54:48,844 | INFO | 1940 | WBTC | Success
2024-07-02 13:54:56,977 | INFO | 1941 | SHX | Success
2024-07-02 13:55:04,931 | INFO | 1946 | CMIT | Success
2024-07-02 13:55:11,601 | INFO | 1958 | YUKI | Success
2024-07-02 13:55:20,596 | INFO | 1452 | CRM | Success
2024-07-02 13:55:29,020 | INFO | 2004 | CRV | Success
2024-07-02 13:55:38,223 | INFO | 2011 | AWC | Success
2024-07-02 13:55:47,256 | INFO | 2013 | CRE | Success
2024-07-02 13:55:53,666 | INFO | 2015 | XQN | Success
2024-07-02 13:56:02,549 | INFO | 2032 | WIN | Success
2024-07-02 13:56:15,613 | INFO | 2066 | GOD | Success
2024-07-02 13:56:35,947 | INFO | 2075 | OBTC | Success
2024-07-02 13:56:48,780 | INFO | 2108 | ALGO | Success
2024-07-02 13:56:58,752 | INFO | 2112 | BDX | Success
2024-07-02 13:57:09,318 | INFO | 2113 | OKB | Success
2024-07-02 13:57:42,120 | INFO | 2114 | BF | Success
2024-07-02 13:57:51,071 | INFO | 2115 | BCNA | Success
2024-07-02 13:58:01,315 | INFO | 2119 | OCE | Success
2024-07-02 13:58:12,106 | INFO | 2121 | SXP | Success
2024-07-02 13:58:21,624 | INFO | 2122 | GT | Success
2024-07-02 13:58:31,982 | INFO | 2123 | CHZ | Success
2024-07-02 13:58:41,561 | INFO | 2124 | USDK | Success
2024-07-02 13:58:50,774 | INFO | 2125 | ZNN | Success
2024-07-02 13:59:00,781 | INFO | 2127 | BNANA | Success
2024-07-02 13:59:12,839 | INFO | 2128 | EGLD | Success
2024-07-02 13:59:22,356 | INFO | 2130 | WXT | Success
2024-07-02 13:59:32,650 | INFO | 2132 | BOA | Success
2024-07-02 13:59:42,946 | INFO | 2133 | COS | Success
2024-07-02 13:59:53,192 | INFO | 2136 | HBAR | Success
2024-07-02 14:00:01,189 | INFO | 2137 | HNS | Success
2024-07-02 14:00:12,978 | INFO | 2139 | PERL | Success
2024-07-02 14:00:25,445 | INFO | 2140 | WRX | Success
2024-07-02 14:00:35,222 | INFO | 2141 | XAUT | Success
2024-07-02 14:00:45,264 | INFO | 2143 | KAVA | Success
2024-07-02 14:00:54,980 | INFO | 2144 | OGN | Success
2024-07-02 14:01:01,995 | INFO | 2145 | LINKA | Success
2024-07-02 14:01:11,345 | INFO | 2147 | ZANO | Success
2024-07-02 14:01:20,755 | INFO | 2148 | GMAT | Success
2024-07-02 14:01:28,831 | INFO | 2150 | CNNS | Success
2024-07-02 14:01:39,550 | INFO | 2152 | EOSDT | Success
2024-07-02 14:01:49,447 | INFO | 2153 | TROY | Success
2024-07-02 14:01:59,441 | INFO | 2155 | AKRO | Success
2024-07-02 14:02:22,653 | INFO | 2156 | VRA | Success
2024-07-02 14:02:32,588 | INFO | 2157 | VRSC | Success
2024-07-02 14:02:43,047 | INFO | 2158 | CHR | Success
2024-07-02 14:02:51,091 | INFO | 2163 | AXE | Success
2024-07-02 14:02:59,577 | INFO | 2165 | BEPRO | Success
2024-07-02 14:03:09,194 | INFO | 2168 | OWC | Success
2024-07-02 14:03:17,015 | INFO | 2169 | NOIA | Success
2024-07-02 14:03:26,987 | INFO | 2170 | NWC | Success
2024-07-02 14:03:34,818 | INFO | 2172 | JOB | Success
2024-07-02 14:03:44,630 | INFO | 2173 | BAN | Success
2024-07-02 14:03:53,333 | INFO | 2176 | NYZO | Success
2024-07-02 14:04:02,088 | INFO | 2180 | CETH | Success
2024-07-02 14:04:10,594 | INFO | 2182 | AXEL | Success
2024-07-02 14:04:19,040 | INFO | 2183 | SAI | Success
2024-07-02 14:04:27,552 | INFO | 2185 | BTSE | Success
2024-07-02 14:04:36,661 | INFO | 2186 | IDRT | Success
2024-07-02 14:04:45,640 | INFO | 2187 | FLEX | Success
2024-07-02 14:04:52,585 | INFO | 2192 | SCAP | Success
2024-07-02 14:05:02,515 | INFO | 2195 | PIB | Success
2024-07-02 14:05:11,563 | INFO | 2200 | CHG | Success
2024-07-02 14:05:21,361 | INFO | 2201 | SHA | Success
2024-07-02 14:05:38,465 | INFO | 2202 | ENQ | Success
2024-07-02 14:05:47,228 | INFO | 2203 | MERI | Success
2024-07-02 14:05:57,881 | INFO | 2205 | HEX | Success
2024-07-02 14:06:06,758 | INFO | 2207 | XWP | Success
2024-07-02 14:06:16,519 | INFO | 2208 | EWT | Success
2024-07-02 14:06:26,477 | INFO | 2209 | LCX | Success
2024-07-02 14:06:34,127 | INFO | 2210 | TRYB | Success
2024-07-02 14:06:41,716 | INFO | 2212 | MWC | Success
2024-07-02 14:06:49,870 | INFO | 2213 | SOLO | Success
2024-07-02 14:06:59,624 | INFO | 2215 | DREP | Success
2024-07-02 14:07:09,244 | INFO | 2216 | CTSI | Success
2024-07-02 14:07:17,485 | INFO | 2218 | DMG | Success
2024-07-02 14:08:09,607 | INFO | 2220 | AMPL | Success
2024-07-02 14:09:11,572 | ERROR | 2222 | RUNE | Error 504: Gateway Timeout. Server not responding.
2024-07-02 14:09:36,113 | INFO | 2222 | RUNE | Success
2024-07-02 14:09:46,738 | INFO | 2223 | ZNZ | Success
2024-07-02 14:10:02,956 | INFO | 2229 | STAKE | Success
2024-07-02 14:10:11,635 | INFO | 2230 | GHOST | Success
2024-07-02 14:10:22,261 | INFO | 2231 | BUSD | Success
2024-07-02 14:10:30,406 | INFO | 2235 | DDK | Success
2024-07-02 14:10:39,279 | INFO | 2236 | HXRO | Success
2024-07-02 14:10:48,985 | INFO | 2237 | BTC2 | Success
2024-07-02 14:10:58,867 | INFO | 2238 | UOS | Success
2024-07-02 14:11:08,259 | INFO | 2239 | KDA | Success
2024-07-02 14:11:16,502 | INFO | 2241 | JRT | Success
2024-07-02 14:11:25,479 | INFO | 2243 | XIO | Success
2024-07-02 14:11:33,874 | INFO | 2245 | CHI | Success
2024-07-02 14:11:43,074 | INFO | 2246 | PCX | Success
2024-07-02 14:11:51,100 | INFO | 2248 | COT | Success
2024-07-02 14:11:59,351 | INFO | 2254 | CSPN | Success
2024-07-02 14:12:06,660 | INFO | 2257 | ESH | Success
2024-07-02 14:12:17,090 | INFO | 2258 | EVED | Success
2024-07-02 14:12:25,961 | INFO | 2261 | FLS | Success
2024-07-02 14:12:34,212 | INFO | 2268 | KTS | Success
2024-07-02 14:12:43,136 | INFO | 2275 | PAR | Success
2024-07-02 14:12:50,280 | INFO | 2276 | PORTAL | Success
2024-07-02 14:12:58,899 | INFO | 2279 | RFOX | Success
2024-07-02 14:13:06,251 | INFO | 2280 | SAFE | Success
2024-07-02 14:13:15,175 | INFO | 2284 | TKP | Success
2024-07-02 14:13:24,081 | INFO | 2286 | UPX | Success
2024-07-02 14:13:33,436 | INFO | 2293 | CDAI | Success
2024-07-02 14:13:42,821 | INFO | 2296 | VLX | Success
2024-07-02 14:13:51,368 | INFO | 2301 | DOS | Success
2024-07-02 14:14:00,542 | INFO | 2318 | DSLA | Success
2024-07-02 14:14:08,977 | INFO | 2322 | iDNA | Success
2024-07-02 14:14:18,126 | INFO | 2323 | RNDR | Success
2024-07-02 14:14:27,036 | INFO | 2329 | VALOR | Success
2024-07-02 14:15:04,064 | INFO | 2368 | TRB | Success
2024-07-02 14:15:12,398 | INFO | 2382 | X42 | Success
2024-07-02 14:15:21,470 | INFO | 2396 | APM | Success
2024-07-02 14:15:30,611 | INFO | 2408 | ARPA | Success
2024-07-02 14:15:37,362 | INFO | 2463 | BUX | Success
2024-07-02 14:15:45,026 | INFO | 2469 | PROPS | Success
2024-07-02 14:15:57,547 | INFO | 2480 | MTA | Success
2024-07-02 14:16:02,041 | INFO | 2487 | CNTM | Success
2024-07-02 14:16:09,448 | INFO | 2489 | HUSD | Success
2024-07-02 14:16:18,677 | INFO | 2493 | UMA | Success
2024-07-02 14:16:25,899 | INFO | 2500 | MIX | Success
2024-07-02 14:16:33,057 | INFO | 2514 | GNY | Success
2024-07-02 14:16:42,941 | INFO | 2517 | DIA | Success
2024-07-02 14:16:50,876 | INFO | 2533 | PIE | Success
2024-07-02 14:17:00,043 | INFO | 2534 | DXD | Success
2024-07-02 14:17:09,952 | INFO | 2545 | AVAX | Success
2024-07-02 14:17:19,244 | INFO | 2550 | RARI | Success
2024-07-02 14:17:28,198 | INFO | 2558 | STMX | Success
2024-07-02 14:17:36,223 | INFO | 2594 | DAWN | Success
2024-07-02 14:17:45,301 | INFO | 2617 | GEEQ | Success
2024-07-02 14:17:52,504 | INFO | 2623 | FNSA | Success
2024-07-02 14:18:00,999 | INFO | 2624 | STRONG | Success
2024-07-02 14:18:10,065 | INFO | 2667 | NEST | Success
2024-07-02 14:18:16,409 | INFO | 2673 | RKN | Success
2024-07-02 14:18:25,000 | INFO | 2681 | LYX | Success
2024-07-02 14:18:33,179 | INFO | 2685 | DFI | Success
2024-07-02 14:18:42,867 | INFO | 2687 | XPR | Success
2024-07-02 14:18:51,965 | INFO | 2692 | SWAP | Success
2024-07-02 14:19:01,547 | INFO | 2693 | KLP | Success
2024-07-02 14:19:09,517 | INFO | 2694 | DKA | Success
2024-07-02 14:19:18,144 | INFO | 2699 | BAL | Success
2024-07-02 14:19:20,964 | INFO | 2701 | WNXM | Success
2024-07-02 14:19:29,083 | INFO | 2703 | SWINGBY | Success
2024-07-02 14:19:37,497 | INFO | 2755 | HAKKA | Success
2024-07-02 14:19:48,024 | INFO | 2761 | TWT | Success
2024-07-02 14:19:56,966 | INFO | 2763 | SRM | Success
2024-07-02 14:20:05,269 | INFO | 2770 | CELO | Success
2024-07-02 14:20:14,702 | INFO | 2780 | DOT | Success
2024-07-02 14:20:23,679 | INFO | 2817 | CFX | Success
2024-07-02 14:20:33,371 | INFO | 2818 | HIVE | Success
2024-07-02 14:20:43,379 | INFO | 2819 | JST | Success
2024-07-02 14:20:53,151 | INFO | 2847 | SUSHI | Success
2024-07-02 14:21:02,413 | INFO | 2866 | VIDYA | Success
2024-07-02 14:21:10,619 | INFO | 2870 | BUY | Success
2024-07-02 14:21:18,885 | INFO | 2877 | DDIM | Success
2024-07-02 14:21:28,107 | INFO | 2886 | DF | Success
2024-07-02 14:21:37,303 | INFO | 2901 | CVP | Success
2024-07-02 14:21:46,582 | INFO | 2906 | RENBTC | Success
2024-07-02 14:21:54,628 | INFO | 2909 | FNT | Success
2024-07-02 14:22:02,522 | INFO | 2917 | SHIB | Success
2024-07-02 14:22:11,951 | INFO | 2918 | SHR | Success
2024-07-02 14:22:20,659 | INFO | 2921 | KSM | Success
2024-07-02 14:22:26,877 | INFO | 2924 | ERG | Success
2024-07-02 14:22:39,790 | INFO | 2926 | RITO | Success
2024-07-02 14:22:48,434 | INFO | 2936 | KLAY | Success
2024-07-02 14:22:56,716 | INFO | 2945 | ZDEX | Success
2024-07-02 14:23:08,053 | INFO | 2954 | YFII | Success
2024-07-02 14:23:19,665 | INFO | 2956 | DEXT | Success
2024-07-02 14:23:28,270 | INFO | 2961 | SWRV | Success
2024-07-02 14:23:42,877 | INFO | 2963 | SAND | Success
2024-07-02 14:23:52,037 | INFO | 2969 | RSV | Success
2024-07-02 14:23:59,439 | INFO | 2980 | SAPP | Success
2024-07-02 14:24:09,296 | INFO | 2996 | MX | Success
2024-07-02 14:24:22,513 | INFO | 3000 | XOR | Success
2024-07-02 14:24:31,475 | INFO | 3002 | ACH | Success
2024-07-02 14:24:39,915 | INFO | 3005 | MCB | Success
2024-07-02 14:24:48,906 | INFO | 3006 | BEL | Success
2024-07-02 14:24:56,455 | INFO | 3011 | LIEN | Success
2024-07-02 14:25:06,051 | INFO | 3012 | FRONT | Success
2024-07-02 14:25:15,361 | INFO | 3023 | PHNX | Success
2024-07-02 14:25:25,509 | INFO | 3024 | UNI | Success
2024-07-02 14:25:33,714 | INFO | 3027 | SOCKS | Success
2024-07-02 14:25:39,928 | INFO | 3031 | RAE | Success
2024-07-02 14:25:48,508 | INFO | 2844 | SYLO | Success
2024-07-02 14:25:58,012 | INFO | 2267 | JUP | Success
2024-07-02 14:26:06,238 | INFO | 3049 | SUN | Success
2024-07-02 14:26:11,832 | INFO | 3050 | AGA | Success
2024-07-02 14:26:20,952 | INFO | 3052 | FIO | Success
2024-07-02 14:26:28,913 | INFO | 3057 | HGET | Success
2024-07-02 14:26:37,817 | INFO | 3079 | SOL | Success
2024-07-02 14:26:45,619 | INFO | 3081 | NCDT | Success
2024-07-02 14:26:55,476 | INFO | 3086 | AR | Success
2024-07-02 14:27:02,396 | INFO | 3116 | SFD | Success
2024-07-02 14:27:31,060 | INFO | 3117 | LUA | Success
2024-07-02 14:27:39,727 | INFO | 3129 | OCTO | Success
2024-07-02 14:27:48,378 | INFO | 3131 | RFUEL | Success
2024-07-02 14:27:56,250 | INFO | 3132 | PDA | Success
2024-07-02 14:28:03,469 | INFO | 3133 | TOMOE | Success
2024-07-02 14:28:11,984 | INFO | 3134 | POLS | Success
2024-07-02 14:28:19,577 | INFO | 3149 | TRU | Success
2024-07-02 14:28:26,231 | INFO | 3150 | AITRA | Success
2024-07-02 14:28:34,997 | INFO | 3154 | AAVE | Success
2024-07-02 14:28:43,424 | INFO | 3157 | DODO | Success
2024-07-02 14:28:52,566 | INFO | 3173 | HTR | Success
2024-07-02 14:29:01,903 | INFO | 3182 | XVS | Success
2024-07-02 14:29:08,059 | INFO | 3187 | CLV | Success
2024-07-02 14:29:13,234 | INFO | 3196 | UCM | Success
2024-07-02 14:29:21,308 | INFO | 3210 | FIN | Success
2024-07-02 14:29:29,944 | INFO | 3219 | DEGO | Success
2024-07-02 14:29:38,508 | INFO | 3224 | RBC | Success
2024-07-02 14:29:47,299 | INFO | 3233 | TXL | Success
2024-07-02 14:29:55,491 | INFO | 3240 | PLOT | Success
2024-07-02 14:30:01,905 | INFO | 3249 | HEZ | Success
2024-07-02 14:30:10,157 | INFO | 3266 | SLP | Success
2024-07-02 14:30:19,003 | INFO | 3267 | GALA | Success
2024-07-02 14:30:25,914 | INFO | 3272 | SHAKE | Success
2024-07-02 14:30:33,890 | INFO | 3292 | UNISTAKE | Success
2024-07-02 14:30:42,631 | INFO | 3296 | FARM | Success
2024-07-02 14:30:49,530 | INFO | 3297 | CAP | Success
2024-07-02 14:30:57,464 | INFO | 3298 | DPI | Success
2024-07-02 14:31:14,566 | INFO | 3306 | DEXTF | Success
2024-07-02 14:31:24,157 | INFO | 3309 | TBTC | Success
2024-07-02 14:31:32,535 | INFO | 3342 | EZ | Success
2024-07-02 14:31:42,163 | INFO | 3349 | RAMP | Success
2024-07-02 14:31:50,493 | INFO | 3350 | SWG | Success
2024-07-02 14:31:59,981 | INFO | 3355 | UNCX | Success
2024-07-02 14:32:08,824 | INFO | 3366 | AUDIO | Success
2024-07-02 14:32:17,255 | INFO | 3376 | MEME7 | Success
2024-07-02 14:32:26,247 | INFO | 3377 | NEAR | Success
2024-07-02 14:32:36,273 | INFO | 3378 | INJ | Success
2024-07-02 14:32:45,069 | INFO | 3379 | TITAN | Success
2024-07-02 14:32:53,959 | INFO | 3384 | CRU | Success
2024-07-02 14:33:03,301 | INFO | 3385 | DHT | Success
2024-07-02 14:33:11,227 | INFO | 3392 | RIO | Success
2024-07-02 14:33:18,674 | INFO | 3403 | WEMIX | Success
2024-07-02 14:33:26,699 | INFO | 3405 | KP3R | Success
2024-07-02 14:33:35,238 | INFO | 3421 | LAYER | Success
2024-07-02 14:33:43,966 | INFO | 3424 | ORAI | Success
2024-07-02 14:33:52,773 | INFO | 3435 | WOO | Success
2024-07-02 14:33:59,438 | INFO | 3456 | LOCUS | Success
2024-07-02 14:34:07,399 | INFO | 3462 | BORA | Success
2024-07-02 14:34:16,814 | INFO | 3465 | AXS | Success
2024-07-02 14:34:25,450 | INFO | 3470 | LINA | Success
2024-07-02 14:34:33,155 | INFO | 3480 | SMARTCREDIT | Success
2024-07-02 14:34:40,686 | INFO | 3487 | ROSE | Success
2024-07-02 14:34:47,241 | INFO | 3493 | AUSCM | Success
2024-07-02 14:34:55,587 | INFO | 3507 | BOND | Success
2024-07-02 14:34:56,233 | ERROR | 3510 | NU | Error 429: Too Many Requests: You have exceeded the rate limit.
2024-07-02 15:34:57,713 | ERROR | 3510 | NU | Error 429: Too Many Requests: You have exceeded the rate limit.
2024-07-02 16:34:58,685 | ERROR | 3510 | NU | Error 429: Too Many Requests: You have exceeded the rate limit.
2024-07-02 17:35:00,043 | ERROR | 3510 | NU | Error 429: Too Many Requests: You have exceeded the rate limit.
2024-07-02 18:35:01,545 | ERROR | 3510 | NU | Error 429: Too Many Requests: You have exceeded the rate limit.
2024-07-02 19:35:03,081 | ERROR | 3510 | NU | Error 429: Too Many Requests: You have exceeded the rate limit.
2024-07-02 20:35:04,528 | ERROR | 3510 | NU | Error 429: Too Many Requests: You have exceeded the rate limit.
2024-07-02 21:35:06,022 | ERROR | 3510 | NU | Error 429: Too Many Requests: You have exceeded the rate limit.
2024-07-02 22:35:07,194 | ERROR | 3510 | NU | Error 429: Too Many Requests: You have exceeded the rate limit.
2024-07-02 23:35:08,364 | ERROR | 3510 | NU | Error 429: Too Many Requests: You have exceeded the rate limit.
2024-07-03 00:35:09,669 | ERROR | 3510 | NU | Error 429: Too Many Requests: You have exceeded the rate limit.
2024-07-03 01:35:11,004 | ERROR | 3510 | NU | Error 429: Too Many Requests: You have exceeded the rate limit.
2024-07-03 02:35:27,593 | INFO | 3510 | NU | Success
2024-07-03 02:35:34,676 | INFO | 3514 | APY | Success
2024-07-03 02:35:42,222 | INFO | 3523 | USDN | Success
2024-07-03 02:35:49,458 | INFO | 3530 | UBX | Success
2024-07-03 02:35:57,318 | INFO | 3541 | KOIN | Success
2024-07-03 02:36:05,154 | INFO | 3552 | AXN | Success
2024-07-03 02:36:12,656 | INFO | 3555 | FLOW | Success
2024-07-03 02:36:19,473 | INFO | 3556 | CFI | Success
2024-07-03 02:36:25,157 | INFO | 3558 | SFI | Success
2024-07-03 02:36:31,383 | INFO | 3559 | GDAO | Success
2024-07-03 02:36:35,820 | INFO | 3563 | RENZEC | Success
2024-07-03 02:36:43,013 | INFO | 3570 | EXRD | Success
2024-07-03 02:36:51,553 | INFO | 3577 | SPORE | Success
2024-07-03 02:36:58,174 | INFO | 3583 | ICHI | Success
2024-07-03 02:37:04,084 | INFO | 3585 | A | Success
2024-07-03 02:37:10,342 | INFO | 3589 | UNIDX | Success
2024-07-03 02:37:17,494 | INFO | 3607 | FUSE | Success
2024-07-03 02:37:24,300 | INFO | 3609 | XDAG | Success
2024-07-03 02:37:31,674 | INFO | 3613 | KLV | Success
2024-07-03 02:37:39,448 | INFO | 3618 | BURGER | Success
2024-07-03 02:37:45,457 | INFO | 3619 | ACTN | Success
2024-07-03 02:37:52,706 | INFO | 3624 | MPH | Success
2024-07-03 02:38:00,120 | INFO | 3648 | UFT | Success
2024-07-03 02:38:06,796 | INFO | 3654 | CRBN | Success
2024-07-03 02:38:14,181 | INFO | 3660 | API3 | Success
2024-07-03 02:38:21,785 | INFO | 3048 | 1UP | Success
2024-07-03 02:38:29,172 | INFO | 3669 | HEGIC | Success
2024-07-03 02:38:37,396 | INFO | 3672 | SKL | Success
2024-07-03 02:38:43,433 | INFO | 3677 | PIRATE | Success
2024-07-03 02:38:50,301 | INFO | 3685 | VALUE | Success
2024-07-03 02:38:57,494 | INFO | 3686 | REP | Success
2024-07-03 02:39:04,231 | INFO | 3690 | IDLE | Success
2024-07-03 02:39:10,665 | INFO | 3699 | BADGER | Success
2024-07-03 02:39:18,005 | INFO | 3701 | BASE | Success
2024-07-03 02:39:24,326 | INFO | 3702 | BFC | Success
2024-07-03 02:39:30,361 | INFO | 3708 | MONA | Success
2024-07-03 02:39:39,800 | INFO | 3713 | AMP | Success
2024-07-03 02:39:47,011 | INFO | 3722 | SKEY | Success
2024-07-03 02:39:54,642 | INFO | 3740 | WOZX | Success
2024-07-03 02:40:00,384 | INFO | 3745 | BIP | Success
2024-07-03 02:40:06,313 | INFO | 3750 | SHARDUS | Success
2024-07-03 02:40:12,614 | INFO | 3775 | ECOIN | Success
2024-07-03 02:40:23,153 | INFO | 3778 | MEME8 | Success
2024-07-03 02:40:32,312 | INFO | 3873 | MERGE | Success
2024-07-03 02:40:38,818 | INFO | 4007 | ARCONA | Success
2024-07-03 02:40:43,924 | INFO | 4320 | ELG | Success
2024-07-03 02:40:50,768 | INFO | 4324 | YLD2 | Success
2024-07-03 02:40:57,051 | INFO | 4353 | DG | Success
2024-07-03 02:41:04,340 | INFO | 4354 | HYVE | Success
2024-07-03 02:41:10,847 | INFO | 4479 | COR | Success
2024-07-03 02:41:18,483 | INFO | 4566 | GEO | Success
2024-07-03 02:41:27,616 | INFO | 4692 | TPT3 | Success
2024-07-03 02:41:32,769 | INFO | 4720 | DATABROKER | Success
2024-07-03 02:41:39,307 | INFO | 4750 | DONUT | Success
2024-07-03 02:41:45,062 | INFO | 4864 | STIPEND | Success
2024-07-03 02:41:47,043 | INFO | 4906 | USDX | Success
2024-07-03 02:41:51,533 | INFO | 5020 | ASTRA | Success
2024-07-03 02:41:56,523 | INFO | 5544 | DARC-1 | Success
2024-07-03 02:42:03,567 | INFO | 5854 | IGG | Success
2024-07-03 02:42:10,641 | INFO | 5870 | NVT | Success
2024-07-03 02:42:18,343 | INFO | 6018 | PRQ | Success
2024-07-03 02:42:25,934 | INFO | 6137 | HAI | Success
2024-07-03 02:42:31,215 | INFO | 6178 | UPI | Success
2024-07-03 02:42:38,677 | INFO | 6485 | LON | Success
2024-07-03 02:42:43,947 | INFO | 6581 | EURT | Success
2024-07-03 02:42:49,120 | INFO | 6750 | TRV | Success
2024-07-03 02:42:57,058 | INFO | 7035 | DAO | Success
2024-07-03 02:43:03,829 | INFO | 7167 | MIR | Success
2024-07-03 02:43:11,529 | INFO | 7172 | DEXE | Success
2024-07-03 02:43:17,694 | INFO | 7291 | RLY | Success
2024-07-03 02:43:24,945 | INFO | 7317 | RGT | Success
2024-07-03 02:43:32,524 | INFO | 7350 | DUCK | Success
2024-07-03 02:43:40,019 | INFO | 7391 | NSBT | Success
2024-07-03 02:43:46,924 | INFO | 7395 | UCO | Success
2024-07-03 02:43:53,677 | INFO | 7398 | LEAD | Success
2024-07-03 02:44:01,231 | INFO | 7402 | WHALE | Success
2024-07-03 02:44:08,372 | INFO | 7407 | MATH | Success
2024-07-03 02:44:14,945 | INFO | 7416 | NSURE | Success
2024-07-03 02:44:21,369 | INFO | 7421 | PERP | Success
2024-07-03 02:44:28,247 | INFO | 7430 | REVV | Success
2024-07-03 02:44:36,196 | INFO | 7431 | TRUFI | Success
2024-07-03 02:44:43,320 | INFO | 7439 | ZEE | Success
2024-07-03 02:44:50,314 | INFO | 7444 | XSGD | Success
2024-07-03 02:44:55,504 | INFO | 7458 | OUSD | Success
2024-07-03 02:45:01,738 | INFO | 7463 | HBTC | Success
2024-07-03 02:45:09,290 | INFO | 7468 | GZIL | Success
2024-07-03 02:45:15,563 | INFO | 7525 | MAHA | Success
2024-07-03 02:45:28,841 | INFO | 7573 | YVS | Success
2024-07-03 02:45:36,197 | INFO | 7589 | FXS | Success
2024-07-03 02:45:42,642 | INFO | 7665 | FRAX | Success
2024-07-03 02:45:49,904 | INFO | 7742 | 1INCH | Success
2024-07-03 02:45:55,628 | INFO | 7752 | ONX | Success
2024-07-03 02:46:03,727 | INFO | 7753 | AETH | Success
2024-07-03 02:46:09,624 | INFO | 7758 | CBK | Success
2024-07-03 02:46:18,046 | INFO | 7763 | DDX | Success
2024-07-03 02:46:37,790 | INFO | 7780 | POND | Success
2024-07-03 02:46:45,114 | INFO | 7782 | FIDA | Success
2024-07-03 02:46:51,974 | INFO | 7791 | ROYA | Success
2024-07-03 02:46:59,552 | INFO | 7796 | DYP | Success
2024-07-03 02:47:07,100 | INFO | 7861 | WHITE | Success
2024-07-03 02:47:15,296 | INFO | 7909 | REEF | Success
2024-07-03 02:47:21,920 | INFO | 7938 | XED | Success
2024-07-03 02:47:29,456 | INFO | 7992 | FIS | Success
2024-07-03 02:47:36,305 | INFO | 8011 | WISE | Success
2024-07-03 02:47:43,154 | INFO | 8064 | XEP | Success
2024-07-03 02:47:50,357 | INFO | 8102 | JUV | Success
2024-07-03 02:47:56,786 | INFO | 8210 | DEP | Success
2024-07-03 02:48:04,121 | INFO | 8258 | YF-DAI | Success
2024-07-03 02:48:11,439 | INFO | 8288 | LDO | Success
2024-07-03 02:48:18,866 | INFO | 8370 | ATM | Success
2024-07-03 02:48:25,954 | INFO | 8391 | NFTX | Success
2024-07-03 02:48:33,247 | INFO | 3667 | ANY | Success
2024-07-03 02:48:40,192 | INFO | 8411 | COMBO | Success
2024-07-03 02:48:46,930 | INFO | 8422 | HYDRA | Success
2024-07-03 02:48:53,640 | INFO | 8489 | MINTME | Success
2024-07-03 02:49:00,819 | INFO | 8527 | BIFI2 | Success
2024-07-03 02:49:06,917 | INFO | 8532 | POOLZ | Success
2024-07-03 02:49:14,003 | INFO | 8570 | VRX | Success
2024-07-03 02:49:16,420 | INFO | 8599 | CUDOS | Success
2024-07-03 02:49:22,336 | INFO | 8672 | DYDX | Success
2024-07-03 02:49:29,423 | INFO | 8680 | GLCH | Success
2024-07-03 02:49:35,806 | INFO | 8849 | PAID | Success
2024-07-03 02:49:42,487 | INFO | 8861 | KSP | Success
2024-07-03 02:49:48,678 | INFO | 8942 | DIGG | Success
2024-07-03 02:49:56,538 | INFO | 9013 | BMI | Success
2024-07-03 02:50:02,732 | INFO | 9021 | FIRO | Success
2024-07-03 02:50:12,297 | INFO | 9031 | BITCI | Success
2024-07-03 02:50:18,648 | INFO | 9041 | CAKE | Success
2024-07-03 02:50:27,959 | INFO | 9065 | FWT | Success
2024-07-03 02:50:34,373 | INFO | 9069 | MTRG | Success
2024-07-03 02:50:40,430 | INFO | 9197 | WINR | Success
2024-07-03 02:50:45,354 | INFO | 9280 | KOK | Success
2024-07-03 02:50:52,015 | INFO | 9322 | VELO | Success
2024-07-03 02:50:58,854 | INFO | 9335 | OMI | Success
2024-07-03 02:51:05,124 | INFO | 9364 | WTK | Success
2024-07-03 02:51:11,719 | INFO | 9422 | HELMET | Success
2024-07-03 02:51:18,067 | INFO | 9565 | STM | Success
2024-07-03 02:51:24,123 | INFO | 9866 | OPIUM | Success
2024-07-03 02:51:31,012 | INFO | 9867 | CWS | Success
2024-07-03 02:51:37,994 | INFO | 9875 | SX | Success
2024-07-03 02:51:46,082 | INFO | 9878 | SFP | Success
2024-07-03 02:51:53,008 | INFO | 9883 | OPCT | Success
2024-07-03 02:52:00,285 | INFO | 9886 | JULD | Success
2024-07-03 02:52:05,662 | INFO | 9887 | JASMY | Success
2024-07-03 02:52:12,097 | INFO | 9888 | AKITA | Success
2024-07-03 02:52:17,438 | INFO | 9890 | GOVI | Success
2024-07-03 02:52:24,435 | INFO | 9907 | AUCTION | Success
2024-07-03 02:52:30,566 | INFO | 9909 | SALE | Success
2024-07-03 02:52:36,548 | INFO | 9915 | PAINT | Success
2024-07-03 02:52:43,635 | INFO | 9926 | ID | Success
2024-07-03 02:52:50,576 | INFO | 9928 | UMB | Success
2024-07-03 02:52:59,092 | INFO | 9931 | FILDA | Success
2024-07-03 02:53:04,925 | INFO | 9942 | FXF | Success
2024-07-03 02:53:06,911 | INFO | 9993 | XDAI | Success
2024-07-03 02:53:14,383 | INFO | 10107 | QUICK | Success
2024-07-03 02:53:19,473 | INFO | 10147 | VUSDC | Success
2024-07-03 02:53:25,270 | INFO | 10198 | BTCBAM | Success
2024-07-03 02:53:32,457 | INFO | 10216 | WBNB | Success
2024-07-03 02:53:38,789 | INFO | 10238 | MLK | Success
2024-07-03 02:53:45,145 | INFO | 10250 | MFI | Success
2024-07-03 02:53:51,727 | INFO | 10257 | TH | Success
2024-07-03 02:53:57,608 | INFO | 10472 | IBFKFT | Success
2024-07-03 02:54:03,357 | INFO | 10476 | NOV | Success
2024-07-03 02:54:06,384 | INFO | 10486 | FLEXUSD | Success
2024-07-03 02:54:13,800 | INFO | 10507 | TLOS | Success
2024-07-03 02:54:18,389 | INFO | 10532 | ZMT | Success
2024-07-03 02:54:23,274 | INFO | 10687 | PROPEL | Success
2024-07-03 02:54:30,873 | INFO | 10753 | BAKE | Success
2024-07-03 02:54:40,739 | INFO | 10982 | XCM | Success
2024-07-03 02:54:52,035 | INFO | 11061 | ACS | Success
2024-07-03 02:54:55,361 | INFO | 11857 | VBUSD | Success
2024-07-03 02:55:04,506 | INFO | 11863 | GOC | Success
2024-07-03 02:55:10,928 | INFO | 11871 | PREMIA | Success
2024-07-03 02:55:18,204 | INFO | 11880 | RAY | Success
2024-07-03 02:55:25,891 | INFO | 11893 | LIT2 | Success
2024-07-03 02:55:32,961 | INFO | 11894 | IDEA | Success
2024-07-03 02:55:39,032 | INFO | 11896 | XMON | Success
2024-07-03 02:55:46,171 | INFO | 11912 | BRY | Success
2024-07-03 02:55:52,862 | INFO | 11916 | VSP | Success
2024-07-03 02:55:58,975 | INFO | 11927 | RAD | Success
2024-07-03 02:56:05,596 | INFO | 11949 | EROWAN | Success
2024-07-03 02:56:11,305 | INFO | 11954 | VBNT | Success
2024-07-03 02:56:17,464 | INFO | 11962 | POLC | Success
2024-07-03 02:56:23,506 | INFO | 11963 | KANGAL | Success
2024-07-03 02:56:30,483 | INFO | 11977 | HOPR | Success
2024-07-03 02:56:38,005 | INFO | 11984 | POLK | Success
2024-07-03 02:56:45,322 | INFO | 11998 | AKT | Success
2024-07-03 02:56:51,977 | INFO | 12007 | ALCX | Success
2024-07-03 02:56:58,454 | INFO | 12009 | MATTER | Success
2024-07-03 02:57:05,599 | INFO | 12014 | URUS | Success
2024-07-03 02:57:11,896 | INFO | 12016 | LPNT | Success
2024-07-03 02:57:17,210 | INFO | 12022 | KEYFI | Success
2024-07-03 02:57:24,472 | INFO | 12027 | BSCPAD | Success
2024-07-03 02:57:29,535 | INFO | 12033 | AGVE | Success
2024-07-03 02:57:37,248 | INFO | 12040 | GAL | Success
2024-07-03 02:57:43,931 | INFO | 12041 | DOWS | Success
2024-07-03 02:57:51,100 | INFO | 12043 | TRA | Success
2024-07-03 02:57:58,394 | INFO | 12044 | BAR | Success
2024-07-03 02:58:05,279 | INFO | 12046 | OG | Success
2024-07-03 02:58:11,336 | INFO | 12050 | APYS | Success
2024-07-03 02:58:17,729 | INFO | 12057 | CQT | Success
2024-07-03 02:58:23,878 | INFO | 12058 | UDO | Success
2024-07-03 02:58:27,974 | INFO | 12060 | MCO2 | Success
2024-07-03 02:58:34,207 | INFO | 12068 | GYEN | Success
2024-07-03 02:58:41,117 | INFO | 12089 | HOGE | Success
2024-07-03 02:58:47,711 | INFO | 12112 | ERN | Success
2024-07-03 02:58:54,306 | INFO | 12137 | ARGON | Success
2024-07-03 02:58:59,894 | INFO | 12144 | PSL | Success
2024-07-03 02:59:06,966 | INFO | 12186 | BELT | Success
2024-07-03 02:59:13,450 | INFO | 12195 | HAPI | Success
2024-07-03 02:59:20,356 | INFO | 12201 | MOD | Success
2024-07-03 02:59:25,777 | INFO | 12209 | MUTE | Success
2024-07-03 02:59:32,242 | INFO | 12212 | PIG | Success
2024-07-03 02:59:38,080 | INFO | 12232 | EDDA | Success
2024-07-03 02:59:43,366 | INFO | 12236 | ALN | Success
2024-07-03 02:59:51,707 | INFO | 12242 | SFM | Success
2024-07-03 02:59:57,875 | INFO | 12254 | LABS | Success
2024-07-03 03:00:00,697 | INFO | 12255 | CARR | Success
2024-07-03 03:00:07,114 | INFO | 12256 | POODL | Success
2024-07-03 03:00:14,916 | INFO | 12263 | XYM | Success
2024-07-03 03:00:24,582 | INFO | 12290 | EDGT | Success
2024-07-03 03:00:30,509 | INFO | 12304 | DG3 | Success
2024-07-03 03:00:48,212 | INFO | 12318 | XCH | Success
2024-07-03 03:01:03,200 | INFO | 12321 | KGO | Success
2024-07-03 03:01:12,020 | INFO | 12324 | SAFEMARS | Success
2024-07-03 03:01:18,718 | INFO | 12344 | CELL | Success
2024-07-03 03:01:25,702 | INFO | 12350 | TARA | Success
2024-07-03 03:01:32,988 | INFO | 12365 | DOGIRA | Success
2024-07-03 03:01:39,354 | INFO | 12383 | OHM | Success
2024-07-03 03:01:47,511 | INFO | 12391 | ICP | Success
2024-07-03 03:01:55,100 | INFO | 12398 | XEND | Success
2024-07-03 03:02:02,682 | INFO | 12407 | CSPR | Success
2024-07-03 03:02:08,359 | INFO | 12415 | RYIU | Success
2024-07-03 03:02:14,753 | INFO | 12423 | ROOK | Success
2024-07-03 03:02:20,278 | INFO | 12434 | SHFT | Success
2024-07-03 03:02:26,544 | INFO | 12450 | DFY | Success
2024-07-03 03:02:31,599 | INFO | 12453 | 10SET | Success
2024-07-03 03:02:37,861 | INFO | 12458 | FEI | Success
2024-07-03 03:02:44,040 | INFO | 12461 | PUNDIX | Success
2024-07-03 03:02:49,658 | INFO | 12464 | MARSH | Success
2024-07-03 03:02:57,883 | INFO | 12465 | ILV | Success
2024-07-03 03:03:05,204 | INFO | 12478 | VANCAT | Success
2024-07-03 03:03:11,537 | INFO | 12504 | STRK | Success
2024-07-03 03:03:18,877 | INFO | 12513 | SFUND | Success
2024-07-03 03:03:26,147 | INFO | 12516 | ZWAP | Success
2024-07-03 03:03:33,214 | INFO | 12529 | AIOZ | Success
2024-07-03 03:03:38,181 | INFO | 12531 | MCRN | Success
2024-07-03 03:03:44,675 | INFO | 12535 | PEFI | Success
2024-07-03 03:03:51,430 | INFO | 12548 | LQTY | Success
2024-07-03 03:03:57,976 | INFO | 12549 | 8PAY | Success
2024-07-03 03:04:03,633 | INFO | 12561 | MVI | Success
2024-07-03 03:04:09,407 | INFO | 12569 | DEFIT | Success
2024-07-03 03:04:17,332 | INFO | 12579 | BOSON | Success
2024-07-03 03:04:22,397 | INFO | 12584 | GHX | Success
2024-07-03 03:04:28,757 | INFO | 12596 | FRA | Success
2024-07-03 03:04:35,247 | INFO | 12604 | DPS | Success
2024-07-03 03:04:42,616 | INFO | 12616 | MBOX | Success
2024-07-03 03:04:47,988 | INFO | 12627 | BSKT | Success
2024-07-03 03:04:53,132 | INFO | 12654 | RAZE | Success
2024-07-03 03:04:59,419 | INFO | 12657 | PYR | Success
2024-07-03 03:05:05,644 | INFO | 12660 | MNGO | Success
2024-07-03 03:05:12,169 | INFO | 12687 | MINA | Success
2024-07-03 03:05:18,709 | INFO | 12739 | HZN | Success
2024-07-03 03:05:23,623 | INFO | 12741 | HMNG | Success
2024-07-03 03:05:29,897 | INFO | 12747 | KTN | Success
2024-07-03 03:05:36,715 | INFO | 12783 | ZCX | Success
2024-07-03 03:05:42,949 | INFO | 12788 | DDOS | Success
2024-07-03 03:05:48,884 | INFO | 12811 | COP2 | Success
2024-07-03 03:05:55,596 | INFO | 12839 | POOCOIN | Success
2024-07-03 03:06:01,852 | INFO | 12855 | CUMMIES | Success
2024-07-03 03:06:07,734 | INFO | 12871 | REAU | Success
2024-07-03 03:06:13,902 | INFO | 12925 | KISHU | Success
2024-07-03 03:06:20,448 | INFO | 12928 | TWIN | Success
2024-07-03 03:06:27,140 | INFO | 12937 | LEASH | Success
2024-07-03 03:06:33,029 | INFO | 12972 | XFIT | Success
2024-07-03 03:06:39,445 | INFO | 12975 | ASS | Success
2024-07-03 03:06:45,292 | INFO | 12977 | AQUAGOAT | Success
2024-07-03 03:06:49,673 | INFO | 12987 | BXH | Success
2024-07-03 03:06:55,696 | INFO | 13026 | OBOT | Success
2024-07-03 03:07:01,476 | INFO | 13045 | PYE | Success
2024-07-03 03:07:07,414 | INFO | 13078 | SAITO | Success
2024-07-03 03:07:13,828 | INFO | 13079 | AFEN | Success
2024-07-03 03:07:20,476 | INFO | 13081 | ELON | Success
2024-07-03 03:07:28,036 | INFO | 13082 | BSCS | Success
2024-07-03 03:07:34,567 | INFO | 13088 | HORD | Success
2024-07-03 03:07:41,123 | INFO | 13112 | VLK | Success
2024-07-03 03:07:48,645 | INFO | 13131 | EPK | Success
2024-07-03 03:07:54,605 | INFO | 13172 | CPH | Success
2024-07-03 03:08:00,758 | INFO | 13222 | DOGGY | Success
2024-07-03 03:08:06,490 | INFO | 13229 | SMRAT | Success
2024-07-03 03:08:12,312 | INFO | 13238 | PENDLE | Success
2024-07-03 03:08:19,220 | INFO | 13245 | DPET | Success
2024-07-03 03:08:26,289 | INFO | 13282 | STND | Success
2024-07-03 03:08:33,717 | INFO | 13337 | ALU | Success
2024-07-03 03:08:39,553 | INFO | 13344 | UCH | Success
2024-07-03 03:08:45,658 | INFO | 13346 | RGP | Success
2024-07-03 03:08:51,499 | INFO | 13347 | MEDIA | Success
2024-07-03 03:08:55,091 | INFO | 13357 | NAOS | Success
2024-07-03 03:09:00,905 | INFO | 13361 | POLYDOGE | Success
2024-07-03 03:09:06,217 | INFO | 13374 | VSO | Success
2024-07-03 03:09:12,978 | INFO | 13402 | STARSHIP | Success
2024-07-03 03:09:20,175 | INFO | 13430 | XCAD | Success
2024-07-03 03:09:26,176 | INFO | 13431 | PIT | Success
2024-07-03 03:09:32,779 | INFO | 13442 | PUSSY | Success
2024-07-03 03:09:37,401 | INFO | 13469 | WAS | Success
2024-07-03 03:09:46,834 | INFO | 13510 | UNO | Success
2024-07-03 03:09:53,222 | INFO | 13638 | USDD | Success
2024-07-03 03:09:59,461 | INFO | 13939 | LOWB | Success
2024-07-03 03:10:05,626 | INFO | 13947 | KABOSU | Success
2024-07-03 03:10:13,502 | INFO | 13980 | NUX | Success
2024-07-03 03:10:25,369 | INFO | 14001 | PNG | Success
2024-07-03 03:10:34,432 | INFO | 14053 | O3 | Success
2024-07-03 03:10:45,027 | INFO | 14056 | XAVA | Success
2024-07-03 03:10:51,808 | INFO | 14075 | BONFIRE | Success
2024-07-03 03:11:03,871 | INFO | 14085 | ARGO2 | Success
2024-07-03 03:11:10,020 | INFO | 14086 | TBC | Success
2024-07-03 03:11:15,557 | INFO | 14210 | ELEPHANT | Success
2024-07-03 03:11:20,924 | INFO | 14225 | CVXCRV | Success
2024-07-03 03:11:28,034 | INFO | 14234 | METIS | Success
2024-07-03 03:11:35,042 | INFO | 14240 | YOOSHI | Success
2024-07-03 03:11:40,582 | INFO | 14241 | ZOOT | Success
2024-07-03 03:11:46,264 | INFO | 14242 | GRIMEX | Success
2024-07-03 03:11:49,919 | INFO | 14248 | RACA | Success
2024-07-03 03:11:54,840 | INFO | 14351 | PZAP | Success
2024-07-03 03:12:01,734 | INFO | 14363 | NFTB | Success
2024-07-03 03:12:07,816 | INFO | 14410 | TENFI | Success
2024-07-03 03:12:12,948 | INFO | 14480 | LOGE | Success
2024-07-03 03:12:18,658 | INFO | 14512 | IVN | Success
2024-07-03 03:12:24,150 | INFO | 14515 | CLU | Success
2024-07-03 03:12:29,573 | INFO | 14517 | APRIL | Success
2024-07-03 03:12:35,990 | INFO | 14530 | JCHF | Success
2024-07-03 03:12:41,998 | INFO | 14533 | NTVRK | Success
2024-07-03 03:12:46,846 | INFO | 14547 | SLRS | Success
2024-07-03 03:12:53,214 | INFO | 14635 | STAK2 | Success
2024-07-03 03:13:00,391 | INFO | 14653 | CATE | Success
2024-07-03 03:13:07,135 | INFO | 14655 | AC | Success
2024-07-03 03:13:12,783 | INFO | 14680 | CUMINU | Success
2024-07-03 03:13:19,861 | INFO | 14683 | BANANA | Success
2024-07-03 03:13:26,181 | INFO | 14712 | SLIM | Success
2024-07-03 03:13:32,080 | INFO | 14716 | MOOV | Success
2024-07-03 03:13:37,588 | INFO | 14733 | MOCA | Success
2024-07-03 03:13:43,614 | INFO | 14741 | KOM | Success
2024-07-03 03:13:47,136 | INFO | 14762 | DMAGIC | Success
2024-07-03 03:13:53,268 | INFO | 14837 | CAPS | Success
2024-07-03 03:13:59,469 | INFO | 14844 | SPACE | Success
2024-07-03 03:14:05,403 | INFO | 14846 | CFG | Success
2024-07-03 03:14:11,482 | INFO | 14860 | GFI | Success
2024-07-03 03:14:16,885 | INFO | 14865 | SME | Success
2024-07-03 03:14:22,680 | INFO | 14872 | MOONLIGHT | Success
2024-07-03 03:14:28,062 | INFO | 14892 | VNY | Success
2024-07-03 03:14:34,652 | INFO | 14904 | VEED | Success
2024-07-03 03:14:41,115 | INFO | 14916 | BCUBE | Success
2024-07-03 03:14:47,070 | INFO | 15010 | MIM | Success
2024-07-03 03:14:53,177 | INFO | 15109 | EMAX | Success
2024-07-03 03:14:58,575 | INFO | 15134 | ATA | Success
2024-07-03 03:15:05,658 | INFO | 15155 | GLMR | Success
2024-07-03 03:15:12,624 | INFO | 15177 | AQUA | Success
2024-07-03 03:15:19,206 | INFO | 15184 | QANX | Success
2024-07-03 03:15:25,667 | INFO | 15192 | LSS | Success
2024-07-03 03:15:30,842 | INFO | 15235 | PHTR | Success
2024-07-03 03:15:37,138 | INFO | 15241 | SMI | Success
2024-07-03 03:15:42,866 | INFO | 15440 | DINGO | Success
2024-07-03 03:15:48,323 | INFO | 15452 | XIDO | Success
2024-07-03 03:15:51,550 | INFO | 15458 | TRUMPINU | Success
2024-07-03 03:15:56,996 | INFO | 15500 | PLENTY | Success
2024-07-03 03:16:01,699 | INFO | 15554 | HANU | Success
2024-07-03 03:16:08,076 | INFO | 15589 | FARA | Success
2024-07-03 03:16:13,779 | INFO | 15595 | WEXPOLY | Success
2024-07-03 03:16:16,730 | INFO | 15625 | CSWAP | Success
2024-07-03 03:16:22,788 | INFO | 15637 | CREDI | Success
2024-07-03 03:16:28,407 | INFO | 15646 | HOD | Success
2024-07-03 03:16:34,056 | INFO | 16413 | MINIDOGE | Success
2024-07-03 03:16:39,668 | INFO | 16417 | BYG | Success
2024-07-03 03:16:44,958 | INFO | 16421 | BSW | Success
2024-07-03 03:16:51,914 | INFO | 16445 | AM | Success
2024-07-03 03:16:56,158 | INFO | 16447 | TOX | Success
2024-07-03 03:17:02,299 | INFO | 16454 | MM | Success
2024-07-03 03:17:09,004 | INFO | 16508 | XEC | Success
2024-07-03 03:17:14,040 | INFO | 16512 | NAXAR | Success
2024-07-03 03:17:19,922 | INFO | 16563 | SHI | Success
2024-07-03 03:17:25,887 | INFO | 16583 | SCO | Success
2024-07-03 03:17:31,745 | INFO | 16590 | GARY | Success
2024-07-03 03:17:38,880 | INFO | 16592 | USTC | Success
2024-07-03 03:17:44,465 | INFO | 16602 | CHAINCADE | Success
2024-07-03 03:17:50,577 | INFO | 16608 | OOE | Success
2024-07-03 03:17:56,871 | INFO | 16636 |  LANC | Success
2024-07-03 03:18:02,059 | INFO | 16763 | WCFG | Success
2024-07-03 03:18:07,478 | INFO | 16767 | KERMIT | Success
2024-07-03 03:18:14,411 | INFO | 16786 | MDX | Success
2024-07-03 03:18:20,765 | INFO | 16800 | VAI | Success
2024-07-03 03:18:30,577 | INFO | 16801 | EGG | Success
2024-07-03 03:18:52,141 | INFO | 16803 | PEAK | Success
2024-07-03 03:19:15,296 | INFO | 16812 | C98 | Success
2024-07-03 03:19:24,536 | INFO | 16835 | SNOOK | Success
2024-07-03 03:19:30,256 | INFO | 16836 | BUNI | Success
2024-07-03 03:19:36,066 | INFO | 16869 | POSI | Success
2024-07-03 03:19:41,169 | INFO | 16898 | KEYS | Success
2024-07-03 03:19:47,802 | INFO | 16905 | DPX | Success
2024-07-03 03:19:54,002 | INFO | 16906 | WEX | Success
2024-07-03 03:19:59,651 | INFO | 16924 | DYOR | Success
2024-07-03 03:20:05,092 | INFO | 16957 | ORT | Success
2024-07-03 03:20:11,597 | INFO | 16958 | YIELD | Success
2024-07-03 03:20:17,426 | INFO | 17027 | MMS | Success
2024-07-03 03:20:23,535 | INFO | 17046 | ZPAY | Success
2024-07-03 03:20:30,118 | INFO | 17047 | HODL | Success
2024-07-03 03:20:36,265 | INFO | 17048 | CRP | Success
2024-07-03 03:20:42,232 | INFO | 17054 | ADS3 | Success
2024-07-03 03:20:46,900 | INFO | 17101 | KCAKE | Success
2024-07-03 03:20:52,311 | INFO | 17103 | BURP | Success
2024-07-03 03:20:58,865 | INFO | 17106 | BONE | Success
2024-07-03 03:21:06,218 | INFO | 17121 | SPS | Success
2024-07-03 03:21:12,604 | INFO | 17133 | UFI | Success
2024-07-03 03:21:18,610 | INFO | 17179 | ZOON | Success
2024-07-03 03:21:25,514 | INFO | 17180 | ASK | Success
2024-07-03 03:21:30,961 | INFO | 17185 | BGB | Success
2024-07-03 03:21:37,863 | INFO | 17211 | ALICE | Success
2024-07-03 03:21:47,153 | INFO | 17224 | MOONED | Success
2024-07-03 03:22:16,768 | INFO | 17236 | KOGECOIN | Success
2024-07-03 03:22:26,533 | INFO | 17304 | HTZ | Success
2024-07-03 03:22:43,729 | INFO | 17333 | DXL | Success
2024-07-03 03:23:03,440 | INFO | 17356 | HMT | Success
2024-07-03 03:23:15,456 | INFO | 17405 | VAB | Success
2024-07-03 03:23:21,418 | INFO | 17426 | SMAK | Success
2024-07-03 03:23:28,177 | INFO | 17525 | TRAVA | Success
2024-07-03 03:23:34,914 | INFO | 17554 | JOE | Success
2024-07-03 03:23:40,882 | INFO | 17557 | TORG | Success
2024-07-03 03:23:44,097 | INFO | 17577 | CEUR | Success
2024-07-03 03:23:51,132 | INFO | 17666 | HI | Success
2024-07-03 03:23:56,988 | INFO | 17668 | DXCT | Success
2024-07-03 03:24:03,237 | INFO | 17671 | ORCA | Success
2024-07-03 03:24:08,593 | INFO | 17682 | WSTETH | Success
2024-07-03 03:24:14,270 | INFO | 17685 | STORY | Success
2024-07-03 03:24:20,827 | INFO | 17726 | GZX | Success
2024-07-03 03:24:26,381 | INFO | 17838 | MOM | Success
2024-07-03 03:24:32,323 | INFO | 18026 | SPHRI | Success
2024-07-03 03:24:36,619 | INFO | 18030 | CIRUS | Success
2024-07-03 03:24:42,978 | INFO | 18064 | HERO | Success
2024-07-03 03:24:48,403 | INFO | 18066 | XAI4 | Success
2024-07-03 03:24:54,523 | INFO | 18068 | BOO | Success
2024-07-03 03:24:59,896 | INFO | 18097 | OCP | Success
2024-07-03 03:25:05,224 | INFO | 18149 | TAROT | Success
2024-07-03 03:25:11,007 | INFO | 18154 | KMON | Success
2024-07-03 03:25:17,170 | INFO | 18171 | SBR | Success
2024-07-03 03:25:23,407 | INFO | 18179 | QRDO | Success
2024-07-03 03:25:28,997 | INFO | 18218 | TRDC | Success
2024-07-03 03:25:34,576 | INFO | 18246 | EVERETH | Success
2024-07-03 03:25:40,581 | INFO | 18268 | LSP | Success
2024-07-03 03:25:46,128 | INFO | 18319 | RIN | Success
2024-07-03 03:25:52,532 | INFO | 15742 | NFTBS | Success
2024-07-03 03:25:59,598 | INFO | 15798 | XCHNG | Success
2024-07-03 03:26:05,320 | INFO | 15822 | QUACK | Success
2024-07-03 03:26:10,910 | INFO | 15831 | OPS | Success
2024-07-03 03:26:17,082 | INFO | 15849 | WSPP | Success
2024-07-03 03:26:23,745 | INFO | 15907 | AIRI | Success
2024-07-03 03:26:29,263 | INFO | 15913 | MANGA | Success
2024-07-03 03:26:35,344 | INFO | 15915 | MONSTA | Success
2024-07-03 03:26:41,503 | INFO | 15936 | BFG | Success
2024-07-03 03:26:48,193 | INFO | 15942 | SPIRIT | Success
2024-07-03 03:26:54,788 | INFO | 15947 | FYD | Success
2024-07-03 03:27:00,713 | INFO | 15982 | SPWN | Success
2024-07-03 03:27:07,125 | INFO | 16039 | BORING | Success
2024-07-03 03:27:12,446 | INFO | 16104 | HAKA | Success
2024-07-03 03:27:18,778 | INFO | 16141 | SAIL | Success
2024-07-03 03:27:24,614 | INFO | 16292 | VICS | Success
2024-07-03 03:27:31,417 | INFO | 16293 | CRYSTL | Success
2024-07-03 03:27:38,180 | INFO | 16332 | MASK | Success
2024-07-03 03:27:45,086 | INFO | 16363 | STARL | Success
2024-07-03 03:28:01,685 | INFO | 16399 | BOP | Success
2024-07-03 03:28:14,676 | INFO | 18342 | MONI | Success
2024-07-03 03:28:27,961 | INFO | 18349 | TON | Success
2024-07-03 03:28:38,605 | INFO | 18353 | SPE | Success
2024-07-03 03:29:22,325 | INFO | 18355 | VPP | Success
2024-07-03 03:29:32,116 | INFO | 18357 | SRX | Success
2024-07-03 03:29:38,624 | INFO | 18358 | HAM | Success
2024-07-03 03:29:43,900 | INFO | 18359 | SCCP | Success
2024-07-03 03:29:52,027 | INFO | 18377 | MOVR | Success
2024-07-03 03:29:57,196 | INFO | 18394 | ZENC | Success
2024-07-03 03:30:03,079 | INFO | 18455 | VEMP | Success
2024-07-03 03:30:08,367 | INFO | 18491 | EKTA | Success
2024-07-03 03:30:12,988 | INFO | 18494 | DHB | Success
2024-07-03 03:30:18,046 | INFO | 18497 | LITH | Success
2024-07-03 03:30:23,272 | INFO | 18499 | TREEB | Success
2024-07-03 03:30:30,274 | INFO | 18501 | UFO | Success
2024-07-03 03:30:36,899 | INFO | 18502 | KILT | Success
2024-07-03 03:30:42,847 | INFO | 18507 | CNT | Success
2024-07-03 03:30:48,508 | INFO | 18539 | AGLD | Success
2024-07-03 03:30:53,584 | INFO | 18541 | ODIN | Success
2024-07-03 03:31:00,238 | INFO | 18564 | ZOO | Success
2024-07-03 03:31:06,410 | INFO | 18583 | ITGR | Success
2024-07-03 03:31:11,515 | INFO | 18586 | BOOST | Success
2024-07-03 03:31:15,656 | INFO | 18588 | HEGG | Success
2024-07-03 03:31:21,745 | INFO | 18601 | THEOS | Success
2024-07-03 03:31:26,423 | INFO | 18602 | SUNNY | Success
2024-07-03 03:31:32,198 | INFO | 18610 | IXS | Success
2024-07-03 03:31:38,753 | INFO | 18623 | BETU | Success
2024-07-03 03:31:44,979 | INFO | 18653 | POP2 | Success
2024-07-03 03:31:50,314 | INFO | 18654 | FIWA | Success
2024-07-03 03:31:55,349 | INFO | 18663 | SMON | Success
2024-07-03 03:32:01,502 | INFO | 18664 | QI | Success
2024-07-03 03:32:08,442 | INFO | 18665 | FOX | Success
2024-07-03 03:32:14,940 | INFO | 18762 | TRIAS | Success
2024-07-03 03:32:20,992 | INFO | 18773 | INTER | Success
2024-07-03 03:32:24,318 | INFO | 18784 | GAFI | Success
2024-07-03 03:32:30,257 | INFO | 18796 | BIN | Success
2024-07-03 03:32:35,923 | INFO | 18801 | MATRIX | Success
2024-07-03 03:32:40,604 | INFO | 18831 | FEES | Success
2024-07-03 03:32:46,399 | INFO | 18844 | MAGIC | Success
2024-07-03 03:32:52,293 | INFO | 18898 | VCF | Success
2024-07-03 03:32:57,954 | INFO | 18911 | REALM | Success
2024-07-03 03:33:02,359 | INFO | 18919 | HBIT | Success
2024-07-03 03:33:08,659 | INFO | 18925 | OSMO | Success
2024-07-03 03:33:13,566 | INFO | 18927 | PLANETS | Success
2024-07-03 03:33:27,969 | INFO | 18944 | STSOL | Success
2024-07-03 03:33:34,244 | INFO | 18947 | ELK | Success
2024-07-03 03:33:40,251 | INFO | 18964 | BTRST | Success
2024-07-03 03:33:45,230 | INFO | 18974 | XTM | Success
2024-07-03 03:33:50,633 | INFO | 18982 | COLLAR | Success
2024-07-03 03:34:00,620 | INFO | 19008 | SPA | Success
2024-07-03 03:34:07,615 | INFO | 19068 | THG | Success
2024-07-03 03:34:13,727 | INFO | 19107 | BAS | Success
2024-07-03 03:34:45,829 | INFO | 19133 | KILMA | Success
2024-07-03 03:34:51,149 | INFO | 19156 | UV | Success
